<?xml version="1.0" encoding="utf-8"?><testsuites><testsuite name="pytest" errors="0" failures="0" skipped="0" tests="4" time="0.675" timestamp="2025-05-09T09:18:00.090646" hostname="laptop-2"><testcase classname="tests.sniffing.security.test_security_sniffer.TestSecuritySniffer" name="test_sniff_security_issues" time="0.006" /><testcase classname="tests.sniffing.security.test_security_sniffer.TestSecuritySniffer" name="test_report_generation" time="0.003" /><testcase classname="tests.sniffing.security.test_security_sniffer.TestSecuritySniffer" name="test_analyze_security_requirements" time="0.004" /><testcase classname="tests.sniffing.security.test_security_sniffer.TestSecuritySniffer" name="test_initialization" time="0.004" /></testsuite></testsuites>