<?xml version="1.0" encoding="utf-8"?><testsuites><testsuite name="pytest" errors="0" failures="0" skipped="0" tests="4" time="0.630" timestamp="2025-05-09T09:19:05.654021" hostname="laptop-2"><testcase classname="tests.sniffing.integration.test_integration_sniffer.TestIntegrationSniffer" name="test_sniff_integration_issues" time="0.006" /><testcase classname="tests.sniffing.integration.test_integration_sniffer.TestIntegrationSniffer" name="test_analyze_integration_points" time="0.003" /><testcase classname="tests.sniffing.integration.test_integration_sniffer.TestIntegrationSniffer" name="test_report_generation" time="0.003" /><testcase classname="tests.sniffing.integration.test_integration_sniffer.TestIntegrationSniffer" name="test_initialization" time="0.003" /></testsuite></testsuites>