<?xml version="1.0" encoding="utf-8"?><testsuites><testsuite name="pytest" errors="0" failures="0" skipped="0" tests="4" time="1.104" timestamp="2025-05-09T09:18:33.661123" hostname="laptop-2"><testcase classname="tests.sniffing.performance.test_performance_sniffer.TestPerformanceSniffer" name="test_sniff_performance_issues" time="0.013" /><testcase classname="tests.sniffing.performance.test_performance_sniffer.TestPerformanceSniffer" name="test_report_generation" time="0.007" /><testcase classname="tests.sniffing.performance.test_performance_sniffer.TestPerformanceSniffer" name="test_analyze_performance_metrics" time="0.008" /><testcase classname="tests.sniffing.performance.test_performance_sniffer.TestPerformanceSniffer" name="test_initialization" time="0.010" /></testsuite></testsuites>