<?xml version="1.0" encoding="utf-8"?><testsuites><testsuite name="pytest" errors="0" failures="0" skipped="0" tests="3" time="0.681" timestamp="2025-05-09T09:04:00.427860" hostname="laptop-2"><testcase classname="tests.sniffing.functional.test_functional_sniffer.TestFunctionalSniffer" name="test_initialization" time="0.092" /><testcase classname="tests.sniffing.functional.test_functional_sniffer.TestFunctionalSniffer" name="test_report_generation" time="0.003" /><testcase classname="tests.sniffing.functional.test_functional_sniffer.TestFunctionalSniffer" name="test_analyze_functional_requirements" time="0.003" /></testsuite></testsuites>