{"content": {"suites": {"0": {"status": {"total_pass": 0, "total_skip": 0, "total_xpass": 0, "total_xfail": 0, "total_rerun": 0, "total_fail": 5, "total_error": 0}, "tests": {"0": {"status": "FAIL", "message": "   AssertionError: CORS_ORIGINS must be set\n   assert None\n", "test_name": "test_cors_settings", "rerun": "0"}, "1": {"status": "FAIL", "message": "   AssertionError: Missing required environment variables: APP_NAME, DEBUG, TESTING, API_VERSION, DATABASE_URL, SECRET_KEY\n   assert not ['APP_NAME', 'DEBUG', 'TESTING', 'API_VERSION', 'DATABASE_URL', 'SECRET_KEY']\n", "test_name": "test_required_env_vars", "rerun": "0"}, "2": {"status": "FAIL", "message": "   AssertionError: SECRET_KEY must be set\n   assert None\n    +  where None = <function getenv at 0x00000277B5BEE200>('SECRET_KEY')\n    +    where <function getenv at 0x00000277B5BEE200> = os.getenv\n", "test_name": "test_security_settings", "rerun": "0"}, "3": {"status": "FAIL", "message": "   AttributeError: 'NoneType' object has no attribute 'startswith'\n", "test_name": "test_database_url_format", "rerun": "0"}, "4": {"status": "FAIL", "message": "   AttributeError: 'NoneType' object has no attribute 'startswith'\n", "test_name": "test_api_version_format", "rerun": "0"}}, "suite_name": "tests/smoke/test_environment.py"}, "1": {"suite_name": "tests/smoke/test_basic.py", "tests": {"0": {"status": "FAIL", "message": "   assert == failed. [pytest-clarity diff shown]\n     \u001b[0m\n     \u001b[0m\u001b[32mLHS\u001b[0m vs \u001b[31mRHS\u001b[0m shown below\n     \u001b[0m\n     \u001b[0m\u001b[32m404\u001b[0m\n     \u001b[0m\u001b[31m500\u001b[0m\n     \u001b[0m\n", "test_name": "test_error_handling", "rerun": "0"}, "1": {"status": "FAIL", "message": "   assert == failed. [pytest-clarity diff shown]\n     \u001b[0m\n     \u001b[0m\u001b[32mLHS\u001b[0m vs \u001b[31mRHS\u001b[0m shown below\n     \u001b[0m\n     \u001b[0m\u001b[32m404\u001b[0m\n     \u001b[0m\u001b[31m200\u001b[0m\n     \u001b[0m\n", "test_name": "test_api_version", "rerun": "0"}, "2": {"status": "PASS", "message": "", "test_name": "test_read_root", "rerun": "0"}, "3": {"status": "PASS", "message": "", "test_name": "test_redoc_available", "rerun": "0"}, "4": {"status": "PASS", "message": "", "test_name": "test_health_check", "rerun": "0"}, "5": {"status": "PASS", "message": "", "test_name": "test_docs_available", "rerun": "0"}, "6": {"status": "PASS", "message": "", "test_name": "test_invalid_endpoint", "rerun": "0"}}, "status": {"total_pass": 5, "total_skip": 0, "total_xpass": 0, "total_xfail": 0, "total_rerun": 0, "total_fail": 2, "total_error": 0}}}}, "date": "April 23, 2025", "start_time": 1745465313.3526406, "total_suite": 2, "status": "FAIL", "status_list": {"pass": "5", "fail": "7", "skip": "0", "error": "0", "xpass": "0", "xfail": "0", "rerun": "0"}, "total_tests": "12"}