<?xml version="1.0" encoding="utf-8"?><testsuites><testsuite name="pytest" errors="0" failures="0" skipped="0" tests="6" time="0.743" timestamp="2025-05-09T09:03:46.047918" hostname="laptop-2"><testcase classname="tests.sniffing.core.test_base_sniffer.TestBaseSniffer" name="test_analyze_method" time="0.007" /><testcase classname="tests.sniffing.core.test_base_sniffer.TestBaseSniffer" name="test_get_sniffer_type" time="0.004" /><testcase classname="tests.sniffing.core.test_base_sniffer.TestBaseSniffer" name="test_fix_issues" time="0.004" /><testcase classname="tests.sniffing.core.test_base_sniffer.TestBaseSniffer" name="test_sniff" time="0.004" /><testcase classname="tests.sniffing.core.test_base_sniffer.TestBaseSniffer" name="test_initialization" time="0.004" /><testcase classname="tests.sniffing.core.test_base_sniffer.TestBaseSniffer" name="test_report_method" time="0.006" /></testsuite></testsuites>