{
  "created": 1746670779.6298075,
  "duration": 0.9457111358642578,
  "exitcode": 1,
  "root": "C:\\Users\\ajame\\Legal_Study",
  "environment": {},
  "summary": {
    "passed": 12,
    "failed": 1,
    "total": 13,
    "collected": 13
  },
  "collectors": [
    {
      "nodeid": "",
      "outcome": "passed",
      "result": [
        {
          "nodeid": "tests/unit/__init__.py",
          "type": "Package"
        }
      ]
    },
    {
      "nodeid": "tests/unit/test_api_documentation.py",
      "outcome": "passed",
      "result": [
        {
          "nodeid": "tests/unit/test_api_documentation.py::test_openapi_spec_exists",
          "type": "Function",
          "lineno": 5
        },
        {
          "nodeid": "tests/unit/test_api_documentation.py::test_openapi_spec_valid",
          "type": "Function",
          "lineno": 10
        },
        {
          "nodeid": "tests/unit/test_api_documentation.py::test_api_documentation_complete",
          "type": "Function",
          "lineno": 19
        },
        {
          "nodeid": "tests/unit/test_api_documentation.py::test_api_versioning",
          "type": "Function",
          "lineno": 32
        },
        {
          "nodeid": "tests/unit/test_api_documentation.py::test_api_security",
          "type": "Function",
          "lineno": 40
        },
        {
          "nodeid": "tests/unit/test_api_documentation.py::test_api_error_handling",
          "type": "Function",
          "lineno": 48
        },
        {
          "nodeid": "tests/unit/test_api_documentation.py::test_api_health_check",
          "type": "Function",
          "lineno": 56
        }
      ]
    },
    {
      "nodeid": "tests/unit/test_setup.py",
      "outcome": "passed",
      "result": [
        {
          "nodeid": "tests/unit/test_setup.py::test_python_version",
          "type": "Function",
          "lineno": 4
        },
        {
          "nodeid": "tests/unit/test_setup.py::test_pytest_working",
          "type": "Function",
          "lineno": 8
        },
        {
          "nodeid": "tests/unit/test_setup.py::test_env_configuration",
          "type": "Function",
          "lineno": 12
        },
        {
          "nodeid": "tests/unit/test_setup.py::test_unit_marker",
          "type": "Function",
          "lineno": 16
        },
        {
          "nodeid": "tests/unit/test_setup.py::test_integration_marker",
          "type": "Function",
          "lineno": 21
        },
        {
          "nodeid": "tests/unit/test_setup.py::test_security_marker",
          "type": "Function",
          "lineno": 26
        }
      ]
    },
    {
      "nodeid": "tests/unit/__init__.py",
      "outcome": "passed",
      "result": [
        {
          "nodeid": "tests/unit/test_api_documentation.py",
          "type": "Module"
        },
        {
          "nodeid": "tests/unit/test_setup.py",
          "type": "Module"
        }
      ]
    }
  ],
  "tests": [
    {
      "nodeid": "tests/unit/test_api_documentation.py::test_api_documentation_complete",
      "lineno": 19,
      "outcome": "passed",
      "keywords": [
        "test_api_documentation_complete",
        "test_api_documentation.py",
        "tests/unit/__init__.py",
        "Legal_Study"
      ],
      "setup": {
        "duration": 0.014001400006236508,
        "outcome": "passed",
        "log": [
          {
            "name": "tests.conftest",
            "msg": "Starting test session at 2025-05-07 19:19:39.121965",
            "args": null,
            "levelname": "INFO",
            "levelno": 20,
            "pathname": "C:\\Users\\ajame\\Legal_Study\\tests\\conftest.py",
            "filename": "conftest.py",
            "module": "conftest",
            "exc_info": null,
            "exc_text": null,
            "stack_info": null,
            "lineno": 101,
            "funcName": "setup_test_environment",
            "created": 1746670779.121966,
            "msecs": 121.96588516235352,
            "relativeCreated": 11035.191535949707,
            "thread": 12440,
            "threadName": "MainThread",
            "processName": "MainProcess",
            "process": 19680,
            "asctime": "2025-05-07 19:19:39,121"
          }
        ]
      },
      "call": {
        "duration": 0.0009759999957168475,
        "outcome": "passed"
      },
      "teardown": {
        "duration": 0.0021271000005071983,
        "outcome": "passed",
        "log": [
          {
            "name": "tests.conftest",
            "msg": "Ending test session at 2025-05-07 19:19:39.128119",
            "args": null,
            "levelname": "INFO",
            "levelno": 20,
            "pathname": "C:\\Users\\ajame\\Legal_Study\\tests\\conftest.py",
            "filename": "conftest.py",
            "module": "conftest",
            "exc_info": null,
            "exc_text": null,
            "stack_info": null,
            "lineno": 106,
            "funcName": "setup_test_environment",
            "created": 1746670779.1281192,
            "msecs": 128.11923027038574,
            "relativeCreated": 11041.34488105774,
            "thread": 12440,
            "threadName": "MainThread",
            "processName": "MainProcess",
            "process": 19680,
            "asctime": "2025-05-07 19:19:39,128"
          }
        ]
      }
    },
    {
      "nodeid": "tests/unit/test_api_documentation.py::test_openapi_spec_exists",
      "lineno": 5,
      "outcome": "passed",
      "keywords": [
        "test_openapi_spec_exists",
        "test_api_documentation.py",
        "tests/unit/__init__.py",
        "Legal_Study"
      ],
      "setup": {
        "duration": 0.002866299997549504,
        "outcome": "passed",
        "log": [
          {
            "name": "tests.conftest",
            "msg": "Starting test session at 2025-05-07 19:19:39.132126",
            "args": null,
            "levelname": "INFO",
            "levelno": 20,
            "pathname": "C:\\Users\\ajame\\Legal_Study\\tests\\conftest.py",
            "filename": "conftest.py",
            "module": "conftest",
            "exc_info": null,
            "exc_text": null,
            "stack_info": null,
            "lineno": 101,
            "funcName": "setup_test_environment",
            "created": 1746670779.1321259,
            "msecs": 132.1258544921875,
            "relativeCreated": 11045.351505279541,
            "thread": 12440,
            "threadName": "MainThread",
            "processName": "MainProcess",
            "process": 19680,
            "asctime": "2025-05-07 19:19:39,132"
          }
        ]
      },
      "call": {
        "duration": 0.0005734000005759299,
        "outcome": "passed"
      },
      "teardown": {
        "duration": 0.0010780000011436641,
        "outcome": "passed",
        "log": [
          {
            "name": "tests.conftest",
            "msg": "Ending test session at 2025-05-07 19:19:39.135125",
            "args": null,
            "levelname": "INFO",
            "levelno": 20,
            "pathname": "C:\\Users\\ajame\\Legal_Study\\tests\\conftest.py",
            "filename": "conftest.py",
            "module": "conftest",
            "exc_info": null,
            "exc_text": null,
            "stack_info": null,
            "lineno": 106,
            "funcName": "setup_test_environment",
            "created": 1746670779.1351259,
            "msecs": 135.12587547302246,
            "relativeCreated": 11048.351526260376,
            "thread": 12440,
            "threadName": "MainThread",
            "processName": "MainProcess",
            "process": 19680,
            "asctime": "2025-05-07 19:19:39,135"
          }
        ]
      }
    },
    {
      "nodeid": "tests/unit/test_api_documentation.py::test_api_health_check",
      "lineno": 56,
      "outcome": "passed",
      "keywords": [
        "test_api_health_check",
        "test_api_documentation.py",
        "tests/unit/__init__.py",
        "Legal_Study"
      ],
      "setup": {
        "duration": 0.0030298999918159097,
        "outcome": "passed",
        "log": [
          {
            "name": "tests.conftest",
            "msg": "Starting test session at 2025-05-07 19:19:39.139129",
            "args": null,
            "levelname": "INFO",
            "levelno": 20,
            "pathname": "C:\\Users\\ajame\\Legal_Study\\tests\\conftest.py",
            "filename": "conftest.py",
            "module": "conftest",
            "exc_info": null,
            "exc_text": null,
            "stack_info": null,
            "lineno": 101,
            "funcName": "setup_test_environment",
            "created": 1746670779.1391292,
            "msecs": 139.1291618347168,
            "relativeCreated": 11052.35481262207,
            "thread": 12440,
            "threadName": "MainThread",
            "processName": "MainProcess",
            "process": 19680,
            "asctime": "2025-05-07 19:19:39,139"
          }
        ]
      },
      "call": {
        "duration": 0.03662199999962468,
        "outcome": "passed"
      },
      "teardown": {
        "duration": 0.0027756999916164204,
        "outcome": "passed",
        "log": [
          {
            "name": "tests.conftest",
            "msg": "Ending test session at 2025-05-07 19:19:39.178424",
            "args": null,
            "levelname": "INFO",
            "levelno": 20,
            "pathname": "C:\\Users\\ajame\\Legal_Study\\tests\\conftest.py",
            "filename": "conftest.py",
            "module": "conftest",
            "exc_info": null,
            "exc_text": null,
            "stack_info": null,
            "lineno": 106,
            "funcName": "setup_test_environment",
            "created": 1746670779.1784241,
            "msecs": 178.42411994934082,
            "relativeCreated": 11091.649770736694,
            "thread": 12440,
            "threadName": "MainThread",
            "processName": "MainProcess",
            "process": 19680,
            "asctime": "2025-05-07 19:19:39,178"
          }
        ]
      }
    },
    {
      "nodeid": "tests/unit/test_api_documentation.py::test_api_error_handling",
      "lineno": 48,
      "outcome": "passed",
      "keywords": [
        "test_api_error_handling",
        "test_api_documentation.py",
        "tests/unit/__init__.py",
        "Legal_Study"
      ],
      "setup": {
        "duration": 0.003918500005966052,
        "outcome": "passed",
        "log": [
          {
            "name": "tests.conftest",
            "msg": "Starting test session at 2025-05-07 19:19:39.184180",
            "args": null,
            "levelname": "INFO",
            "levelno": 20,
            "pathname": "C:\\Users\\ajame\\Legal_Study\\tests\\conftest.py",
            "filename": "conftest.py",
            "module": "conftest",
            "exc_info": null,
            "exc_text": null,
            "stack_info": null,
            "lineno": 101,
            "funcName": "setup_test_environment",
            "created": 1746670779.1841807,
            "msecs": 184.18073654174805,
            "relativeCreated": 11097.406387329102,
            "thread": 12440,
            "threadName": "MainThread",
            "processName": "MainProcess",
            "process": 19680,
            "asctime": "2025-05-07 19:19:39,184"
          }
        ]
      },
      "call": {
        "duration": 0.038047499998356216,
        "outcome": "passed"
      },
      "teardown": {
        "duration": 0.0012931000092066824,
        "outcome": "passed",
        "log": [
          {
            "name": "tests.conftest",
            "msg": "Ending test session at 2025-05-07 19:19:39.224769",
            "args": null,
            "levelname": "INFO",
            "levelno": 20,
            "pathname": "C:\\Users\\ajame\\Legal_Study\\tests\\conftest.py",
            "filename": "conftest.py",
            "module": "conftest",
            "exc_info": null,
            "exc_text": null,
            "stack_info": null,
            "lineno": 106,
            "funcName": "setup_test_environment",
            "created": 1746670779.224769,
            "msecs": 224.76911544799805,
            "relativeCreated": 11137.994766235352,
            "thread": 12440,
            "threadName": "MainThread",
            "processName": "MainProcess",
            "process": 19680,
            "asctime": "2025-05-07 19:19:39,224"
          }
        ]
      }
    },
    {
      "nodeid": "tests/unit/test_api_documentation.py::test_api_security",
      "lineno": 40,
      "outcome": "failed",
      "keywords": [
        "test_api_security",
        "test_api_documentation.py",
        "tests/unit/__init__.py",
        "Legal_Study"
      ],
      "setup": {
        "duration": 0.003117999993264675,
        "outcome": "passed",
        "log": [
          {
            "name": "tests.conftest",
            "msg": "Starting test session at 2025-05-07 19:19:39.228781",
            "args": null,
            "levelname": "INFO",
            "levelno": 20,
            "pathname": "C:\\Users\\ajame\\Legal_Study\\tests\\conftest.py",
            "filename": "conftest.py",
            "module": "conftest",
            "exc_info": null,
            "exc_text": null,
            "stack_info": null,
            "lineno": 101,
            "funcName": "setup_test_environment",
            "created": 1746670779.2287812,
            "msecs": 228.78122329711914,
            "relativeCreated": 11142.006874084473,
            "thread": 12440,
            "threadName": "MainThread",
            "processName": "MainProcess",
            "process": 19680,
            "asctime": "2025-05-07 19:19:39,228"
          }
        ]
      },
      "call": {
        "duration": 0.04716079999343492,
        "outcome": "failed",
        "crash": {
          "path": "C:\\Users\\ajame\\Legal_Study\\tests\\unit\\test_api_documentation.py",
          "lineno": 46,
          "message": "AssertionError: Security schemes not specified\nassert 'securitySchemes' in {'schemas': {'Comment': {'properties': {'content': {'type': 'string'}, 'created_at': {'format': 'date-time', 'type': 'string'}, 'id': {'type': 'string'}}, 'type': 'object'}, 'Error': {'properties': {'detail': {'description': 'Error message', 'type': 'string'}}, 'type': 'object'}, 'ErrorResponse': {'properties': {'error': {'type': 'string'}, 'message': {'type': 'string'}, 'timestamp': {'format': 'date-time', 'type': 'string'}}, 'type': 'object'}, 'HealthResponse': {'properties': {'status': {'enum': ['healthy'], 'type': 'string'}, 'timestamp': {'format': 'date-time', 'type': 'string'}, 'version': {'type': 'string'}}, 'type': 'object'}, ...}}\n +  where {'schemas': {'Comment': {'properties': {'content': {'type': 'string'}, 'created_at': {'format': 'date-time', 'type': 'string'}, 'id': {'type': 'string'}}, 'type': 'object'}, 'Error': {'properties': {'detail': {'description': 'Error message', 'type': 'string'}}, 'type': 'object'}, 'ErrorResponse': {'properties': {'error': {'type': 'string'}, 'message': {'type': 'string'}, 'timestamp': {'format': 'date-time', 'type': 'string'}}, 'type': 'object'}, 'HealthResponse': {'properties': {'status': {'enum': ['healthy'], 'type': 'string'}, 'timestamp': {'format': 'date-time', 'type': 'string'}, 'version': {'type': 'string'}}, 'type': 'object'}, ...}} = <built-in method get of dict object at 0x00000226B9875E80>('components', {})\n +    where <built-in method get of dict object at 0x00000226B9875E80> = {'components': {'schemas': {'Comment': {'properties': {'content': {'type': 'string'}, 'created_at': {'format': 'date-time', 'type': 'string'}, 'id': {'type': 'string'}}, 'type': 'object'}, 'Error': {'properties': {'detail': {'description': 'Error message', 'type': 'string'}}, 'type': 'object'}, 'ErrorResponse': {'properties': {'error': {'type': 'string'}, 'message': {'type': 'string'}, 'timestamp': {'format': 'date-time', 'type': 'string'}}, 'type': 'object'}, 'HealthResponse': {'properties': {'status': {'enum': [...], 'type': 'string'}, 'timestamp': {'format': 'date-time', 'type': 'string'}, 'version': {'type': 'string'}}, 'type': 'object'}, ...}}, 'info': {'description': 'API for Legal Study application', 'title': 'Legal Study API', 'version': '1.0.0'}, 'openapi': '3.0.0', 'paths': {'/api/v1/comment': {'post': {'description': 'Add a comment to a document', 'requestBody': {'content': {'application/json': {...}}, 'required': True}, 'responses': {'200': {'description': 'Comment added'}, '400': {'description': 'Invalid input'}, '401': {'description': 'Unauthorized'}}, 'security': [{'BearerAuth': []}], ...}}, '/api/v1/error': {'get': {'description': 'Endpoint to test error handling', 'responses': {'500': {'content': {...}, 'description': 'Internal server error'}}, 'summary': 'Test error endpoint'}}, '/api/v1/protected': {'get': {'description': 'Endpoint that requires authentication', 'responses': {'200': {'description': 'Access granted'}, '401': {'description': 'Unauthorized'}, '403': {'description': 'Forbidden'}}, 'security': [{'BearerAuth': []}], 'summary': 'Protected endpoint'}}, '/api/v1/search': {'post': {'description': 'Search for legal documents', 'requestBody': {'content': {'application/json': {...}}, 'required': True}, 'responses': {'200': {'description': 'Search results'}, '400': {'description': 'Invalid input'}, '401': {'description': 'Unauthorized'}}, 'summary': 'Search endpoint'}}, ...}, ...}.get"
        },
        "traceback": [
          {
            "path": "tests\\unit\\test_api_documentation.py",
            "lineno": 46,
            "message": "AssertionError"
          }
        ],
        "longrepr": "def test_api_security():\n        \"\"\"Test that API security is properly documented.\"\"\"\n        api_dir = Path(__file__).parent.parent.parent / '.api'\n        with open(api_dir / 'openapi.yaml', 'r') as f:\n            spec = yaml.safe_load(f)\n>           assert 'securitySchemes' in spec.get('components', {}), \"Security schemes not specified\"\nE           AssertionError: Security schemes not specified\nE           assert 'securitySchemes' in {'schemas': {'Comment': {'properties': {'content': {'type': 'string'}, 'created_at': {'format': 'date-time', 'type': 'string'}, 'id': {'type': 'string'}}, 'type': 'object'}, 'Error': {'properties': {'detail': {'description': 'Error message', 'type': 'string'}}, 'type': 'object'}, 'ErrorResponse': {'properties': {'error': {'type': 'string'}, 'message': {'type': 'string'}, 'timestamp': {'format': 'date-time', 'type': 'string'}}, 'type': 'object'}, 'HealthResponse': {'properties': {'status': {'enum': ['healthy'], 'type': 'string'}, 'timestamp': {'format': 'date-time', 'type': 'string'}, 'version': {'type': 'string'}}, 'type': 'object'}, ...}}\nE            +  where {'schemas': {'Comment': {'properties': {'content': {'type': 'string'}, 'created_at': {'format': 'date-time', 'type': 'string'}, 'id': {'type': 'string'}}, 'type': 'object'}, 'Error': {'properties': {'detail': {'description': 'Error message', 'type': 'string'}}, 'type': 'object'}, 'ErrorResponse': {'properties': {'error': {'type': 'string'}, 'message': {'type': 'string'}, 'timestamp': {'format': 'date-time', 'type': 'string'}}, 'type': 'object'}, 'HealthResponse': {'properties': {'status': {'enum': ['healthy'], 'type': 'string'}, 'timestamp': {'format': 'date-time', 'type': 'string'}, 'version': {'type': 'string'}}, 'type': 'object'}, ...}} = <built-in method get of dict object at 0x00000226B9875E80>('components', {})\nE            +    where <built-in method get of dict object at 0x00000226B9875E80> = {'components': {'schemas': {'Comment': {'properties': {'content': {'type': 'string'}, 'created_at': {'format': 'date-time', 'type': 'string'}, 'id': {'type': 'string'}}, 'type': 'object'}, 'Error': {'properties': {'detail': {'description': 'Error message', 'type': 'string'}}, 'type': 'object'}, 'ErrorResponse': {'properties': {'error': {'type': 'string'}, 'message': {'type': 'string'}, 'timestamp': {'format': 'date-time', 'type': 'string'}}, 'type': 'object'}, 'HealthResponse': {'properties': {'status': {'enum': [...], 'type': 'string'}, 'timestamp': {'format': 'date-time', 'type': 'string'}, 'version': {'type': 'string'}}, 'type': 'object'}, ...}}, 'info': {'description': 'API for Legal Study application', 'title': 'Legal Study API', 'version': '1.0.0'}, 'openapi': '3.0.0', 'paths': {'/api/v1/comment': {'post': {'description': 'Add a comment to a document', 'requestBody': {'content': {'application/json': {...}}, 'required': True}, 'responses': {'200': {'description': 'Comment added'}, '400': {'description': 'Invalid input'}, '401': {'description': 'Unauthorized'}}, 'security': [{'BearerAuth': []}], ...}}, '/api/v1/error': {'get': {'description': 'Endpoint to test error handling', 'responses': {'500': {'content': {...}, 'description': 'Internal server error'}}, 'summary': 'Test error endpoint'}}, '/api/v1/protected': {'get': {'description': 'Endpoint that requires authentication', 'responses': {'200': {'description': 'Access granted'}, '401': {'description': 'Unauthorized'}, '403': {'description': 'Forbidden'}}, 'security': [{'BearerAuth': []}], 'summary': 'Protected endpoint'}}, '/api/v1/search': {'post': {'description': 'Search for legal documents', 'requestBody': {'content': {'application/json': {...}}, 'required': True}, 'responses': {'200': {'description': 'Search results'}, '400': {'description': 'Invalid input'}, '401': {'description': 'Unauthorized'}}, 'summary': 'Search endpoint'}}, ...}, ...}.get\n\ntests\\unit\\test_api_documentation.py:46: AssertionError"
      },
      "teardown": {
        "duration": 0.001186299996334128,
        "outcome": "passed",
        "log": [
          {
            "name": "tests.conftest",
            "msg": "Ending test session at 2025-05-07 19:19:39.484198",
            "args": null,
            "levelname": "INFO",
            "levelno": 20,
            "pathname": "C:\\Users\\ajame\\Legal_Study\\tests\\conftest.py",
            "filename": "conftest.py",
            "module": "conftest",
            "exc_info": null,
            "exc_text": null,
            "stack_info": null,
            "lineno": 106,
            "funcName": "setup_test_environment",
            "created": 1746670779.4841986,
            "msecs": 484.19857025146484,
            "relativeCreated": 11397.424221038818,
            "thread": 12440,
            "threadName": "MainThread",
            "processName": "MainProcess",
            "process": 19680,
            "asctime": "2025-05-07 19:19:39,484"
          }
        ]
      }
    },
    {
      "nodeid": "tests/unit/test_api_documentation.py::test_openapi_spec_valid",
      "lineno": 10,
      "outcome": "passed",
      "keywords": [
        "test_openapi_spec_valid",
        "test_api_documentation.py",
        "tests/unit/__init__.py",
        "Legal_Study"
      ],
      "setup": {
        "duration": 0.0024834000068949535,
        "outcome": "passed",
        "log": [
          {
            "name": "tests.conftest",
            "msg": "Starting test session at 2025-05-07 19:19:39.486464",
            "args": null,
            "levelname": "INFO",
            "levelno": 20,
            "pathname": "C:\\Users\\ajame\\Legal_Study\\tests\\conftest.py",
            "filename": "conftest.py",
            "module": "conftest",
            "exc_info": null,
            "exc_text": null,
            "stack_info": null,
            "lineno": 101,
            "funcName": "setup_test_environment",
            "created": 1746670779.4864643,
            "msecs": 486.464262008667,
            "relativeCreated": 11399.68991279602,
            "thread": 12440,
            "threadName": "MainThread",
            "processName": "MainProcess",
            "process": 19680,
            "asctime": "2025-05-07 19:19:39,486"
          }
        ]
      },
      "call": {
        "duration": 0.033576999994693324,
        "outcome": "passed"
      },
      "teardown": {
        "duration": 0.0016515000024810433,
        "outcome": "passed",
        "log": [
          {
            "name": "tests.conftest",
            "msg": "Ending test session at 2025-05-07 19:19:39.523608",
            "args": null,
            "levelname": "INFO",
            "levelno": 20,
            "pathname": "C:\\Users\\ajame\\Legal_Study\\tests\\conftest.py",
            "filename": "conftest.py",
            "module": "conftest",
            "exc_info": null,
            "exc_text": null,
            "stack_info": null,
            "lineno": 106,
            "funcName": "setup_test_environment",
            "created": 1746670779.5236087,
            "msecs": 523.6086845397949,
            "relativeCreated": 11436.834335327148,
            "thread": 12440,
            "threadName": "MainThread",
            "processName": "MainProcess",
            "process": 19680,
            "asctime": "2025-05-07 19:19:39,523"
          }
        ]
      }
    },
    {
      "nodeid": "tests/unit/test_api_documentation.py::test_api_versioning",
      "lineno": 32,
      "outcome": "passed",
      "keywords": [
        "test_api_versioning",
        "test_api_documentation.py",
        "tests/unit/__init__.py",
        "Legal_Study"
      ],
      "setup": {
        "duration": 0.002772699997876771,
        "outcome": "passed",
        "log": [
          {
            "name": "tests.conftest",
            "msg": "Starting test session at 2025-05-07 19:19:39.527858",
            "args": null,
            "levelname": "INFO",
            "levelno": 20,
            "pathname": "C:\\Users\\ajame\\Legal_Study\\tests\\conftest.py",
            "filename": "conftest.py",
            "module": "conftest",
            "exc_info": null,
            "exc_text": null,
            "stack_info": null,
            "lineno": 101,
            "funcName": "setup_test_environment",
            "created": 1746670779.5278583,
            "msecs": 527.8582572937012,
            "relativeCreated": 11441.083908081055,
            "thread": 12440,
            "threadName": "MainThread",
            "processName": "MainProcess",
            "process": 19680,
            "asctime": "2025-05-07 19:19:39,527"
          }
        ]
      },
      "call": {
        "duration": 0.032596500008367,
        "outcome": "passed"
      },
      "teardown": {
        "duration": 0.0012962999899173155,
        "outcome": "passed",
        "log": [
          {
            "name": "tests.conftest",
            "msg": "Ending test session at 2025-05-07 19:19:39.562514",
            "args": null,
            "levelname": "INFO",
            "levelno": 20,
            "pathname": "C:\\Users\\ajame\\Legal_Study\\tests\\conftest.py",
            "filename": "conftest.py",
            "module": "conftest",
            "exc_info": null,
            "exc_text": null,
            "stack_info": null,
            "lineno": 106,
            "funcName": "setup_test_environment",
            "created": 1746670779.5625148,
            "msecs": 562.5147819519043,
            "relativeCreated": 11475.740432739258,
            "thread": 12440,
            "threadName": "MainThread",
            "processName": "MainProcess",
            "process": 19680,
            "asctime": "2025-05-07 19:19:39,562"
          }
        ]
      }
    },
    {
      "nodeid": "tests/unit/test_setup.py::test_integration_marker",
      "lineno": 21,
      "outcome": "passed",
      "keywords": [
        "test_integration_marker",
        "integration",
        "pytestmark",
        "test_setup.py",
        "tests/unit/__init__.py",
        "Legal_Study"
      ],
      "setup": {
        "duration": 0.00260540000454057,
        "outcome": "passed",
        "log": [
          {
            "name": "tests.conftest",
            "msg": "Starting test session at 2025-05-07 19:19:39.565533",
            "args": null,
            "levelname": "INFO",
            "levelno": 20,
            "pathname": "C:\\Users\\ajame\\Legal_Study\\tests\\conftest.py",
            "filename": "conftest.py",
            "module": "conftest",
            "exc_info": null,
            "exc_text": null,
            "stack_info": null,
            "lineno": 101,
            "funcName": "setup_test_environment",
            "created": 1746670779.5655336,
            "msecs": 565.5336380004883,
            "relativeCreated": 11478.759288787842,
            "thread": 12440,
            "threadName": "MainThread",
            "processName": "MainProcess",
            "process": 19680,
            "asctime": "2025-05-07 19:19:39,565"
          }
        ]
      },
      "call": {
        "duration": 0.0008460999961243942,
        "outcome": "passed"
      },
      "teardown": {
        "duration": 0.0010670000046957284,
        "outcome": "passed",
        "log": [
          {
            "name": "tests.conftest",
            "msg": "Ending test session at 2025-05-07 19:19:39.568533",
            "args": null,
            "levelname": "INFO",
            "levelno": 20,
            "pathname": "C:\\Users\\ajame\\Legal_Study\\tests\\conftest.py",
            "filename": "conftest.py",
            "module": "conftest",
            "exc_info": null,
            "exc_text": null,
            "stack_info": null,
            "lineno": 106,
            "funcName": "setup_test_environment",
            "created": 1746670779.568533,
            "msecs": 568.5329437255859,
            "relativeCreated": 11481.75859451294,
            "thread": 12440,
            "threadName": "MainThread",
            "processName": "MainProcess",
            "process": 19680,
            "asctime": "2025-05-07 19:19:39,568"
          }
        ]
      }
    },
    {
      "nodeid": "tests/unit/test_setup.py::test_env_configuration",
      "lineno": 12,
      "outcome": "passed",
      "keywords": [
        "test_env_configuration",
        "test_setup.py",
        "tests/unit/__init__.py",
        "Legal_Study"
      ],
      "setup": {
        "duration": 0.0027929999923799187,
        "outcome": "passed",
        "log": [
          {
            "name": "tests.conftest",
            "msg": "Starting test session at 2025-05-07 19:19:39.572601",
            "args": null,
            "levelname": "INFO",
            "levelno": 20,
            "pathname": "C:\\Users\\ajame\\Legal_Study\\tests\\conftest.py",
            "filename": "conftest.py",
            "module": "conftest",
            "exc_info": null,
            "exc_text": null,
            "stack_info": null,
            "lineno": 101,
            "funcName": "setup_test_environment",
            "created": 1746670779.5726016,
            "msecs": 572.6015567779541,
            "relativeCreated": 11485.827207565308,
            "thread": 12440,
            "threadName": "MainThread",
            "processName": "MainProcess",
            "process": 19680,
            "asctime": "2025-05-07 19:19:39,572"
          }
        ]
      },
      "call": {
        "duration": 0.0006354999932227656,
        "outcome": "passed"
      },
      "teardown": {
        "duration": 0.0010482999932719395,
        "outcome": "passed",
        "log": [
          {
            "name": "tests.conftest",
            "msg": "Ending test session at 2025-05-07 19:19:39.574675",
            "args": null,
            "levelname": "INFO",
            "levelno": 20,
            "pathname": "C:\\Users\\ajame\\Legal_Study\\tests\\conftest.py",
            "filename": "conftest.py",
            "module": "conftest",
            "exc_info": null,
            "exc_text": null,
            "stack_info": null,
            "lineno": 106,
            "funcName": "setup_test_environment",
            "created": 1746670779.5746758,
            "msecs": 574.6757984161377,
            "relativeCreated": 11487.901449203491,
            "thread": 12440,
            "threadName": "MainThread",
            "processName": "MainProcess",
            "process": 19680,
            "asctime": "2025-05-07 19:19:39,574"
          }
        ]
      }
    },
    {
      "nodeid": "tests/unit/test_setup.py::test_unit_marker",
      "lineno": 16,
      "outcome": "passed",
      "keywords": [
        "test_unit_marker",
        "unit",
        "pytestmark",
        "test_setup.py",
        "tests/unit/__init__.py",
        "Legal_Study"
      ],
      "setup": {
        "duration": 0.002299600004334934,
        "outcome": "passed",
        "log": [
          {
            "name": "tests.conftest",
            "msg": "Starting test session at 2025-05-07 19:19:39.577942",
            "args": null,
            "levelname": "INFO",
            "levelno": 20,
            "pathname": "C:\\Users\\ajame\\Legal_Study\\tests\\conftest.py",
            "filename": "conftest.py",
            "module": "conftest",
            "exc_info": null,
            "exc_text": null,
            "stack_info": null,
            "lineno": 101,
            "funcName": "setup_test_environment",
            "created": 1746670779.5779426,
            "msecs": 577.9426097869873,
            "relativeCreated": 11491.16826057434,
            "thread": 12440,
            "threadName": "MainThread",
            "processName": "MainProcess",
            "process": 19680,
            "asctime": "2025-05-07 19:19:39,577"
          }
        ]
      },
      "call": {
        "duration": 0.00037900000461377203,
        "outcome": "passed"
      },
      "teardown": {
        "duration": 0.0009214000019710511,
        "outcome": "passed",
        "log": [
          {
            "name": "tests.conftest",
            "msg": "Ending test session at 2025-05-07 19:19:39.579942",
            "args": null,
            "levelname": "INFO",
            "levelno": 20,
            "pathname": "C:\\Users\\ajame\\Legal_Study\\tests\\conftest.py",
            "filename": "conftest.py",
            "module": "conftest",
            "exc_info": null,
            "exc_text": null,
            "stack_info": null,
            "lineno": 106,
            "funcName": "setup_test_environment",
            "created": 1746670779.5799425,
            "msecs": 579.9424648284912,
            "relativeCreated": 11493.168115615845,
            "thread": 12440,
            "threadName": "MainThread",
            "processName": "MainProcess",
            "process": 19680,
            "asctime": "2025-05-07 19:19:39,579"
          }
        ]
      }
    },
    {
      "nodeid": "tests/unit/test_setup.py::test_security_marker",
      "lineno": 26,
      "outcome": "passed",
      "keywords": [
        "test_security_marker",
        "security",
        "pytestmark",
        "test_setup.py",
        "tests/unit/__init__.py",
        "Legal_Study"
      ],
      "setup": {
        "duration": 0.002575599995907396,
        "outcome": "passed",
        "log": [
          {
            "name": "tests.conftest",
            "msg": "Starting test session at 2025-05-07 19:19:39.583448",
            "args": null,
            "levelname": "INFO",
            "levelno": 20,
            "pathname": "C:\\Users\\ajame\\Legal_Study\\tests\\conftest.py",
            "filename": "conftest.py",
            "module": "conftest",
            "exc_info": null,
            "exc_text": null,
            "stack_info": null,
            "lineno": 101,
            "funcName": "setup_test_environment",
            "created": 1746670779.5834484,
            "msecs": 583.4484100341797,
            "relativeCreated": 11496.674060821533,
            "thread": 12440,
            "threadName": "MainThread",
            "processName": "MainProcess",
            "process": 19680,
            "asctime": "2025-05-07 19:19:39,583"
          }
        ]
      },
      "call": {
        "duration": 0.0004749999934574589,
        "outcome": "passed"
      },
      "teardown": {
        "duration": 0.0013340000004973263,
        "outcome": "passed",
        "log": [
          {
            "name": "tests.conftest",
            "msg": "Ending test session at 2025-05-07 19:19:39.585917",
            "args": null,
            "levelname": "INFO",
            "levelno": 20,
            "pathname": "C:\\Users\\ajame\\Legal_Study\\tests\\conftest.py",
            "filename": "conftest.py",
            "module": "conftest",
            "exc_info": null,
            "exc_text": null,
            "stack_info": null,
            "lineno": 106,
            "funcName": "setup_test_environment",
            "created": 1746670779.5859177,
            "msecs": 585.9177112579346,
            "relativeCreated": 11499.143362045288,
            "thread": 12440,
            "threadName": "MainThread",
            "processName": "MainProcess",
            "process": 19680,
            "asctime": "2025-05-07 19:19:39,585"
          }
        ]
      }
    },
    {
      "nodeid": "tests/unit/test_setup.py::test_pytest_working",
      "lineno": 8,
      "outcome": "passed",
      "keywords": [
        "test_pytest_working",
        "test_setup.py",
        "tests/unit/__init__.py",
        "Legal_Study"
      ],
      "setup": {
        "duration": 0.00291129999095574,
        "outcome": "passed",
        "log": [
          {
            "name": "tests.conftest",
            "msg": "Starting test session at 2025-05-07 19:19:39.589950",
            "args": null,
            "levelname": "INFO",
            "levelno": 20,
            "pathname": "C:\\Users\\ajame\\Legal_Study\\tests\\conftest.py",
            "filename": "conftest.py",
            "module": "conftest",
            "exc_info": null,
            "exc_text": null,
            "stack_info": null,
            "lineno": 101,
            "funcName": "setup_test_environment",
            "created": 1746670779.589951,
            "msecs": 589.9510383605957,
            "relativeCreated": 11503.17668914795,
            "thread": 12440,
            "threadName": "MainThread",
            "processName": "MainProcess",
            "process": 19680,
            "asctime": "2025-05-07 19:19:39,589"
          }
        ]
      },
      "call": {
        "duration": 0.00044299999717622995,
        "outcome": "passed"
      },
      "teardown": {
        "duration": 0.0011457000073278323,
        "outcome": "passed",
        "log": [
          {
            "name": "tests.conftest",
            "msg": "Ending test session at 2025-05-07 19:19:39.591971",
            "args": null,
            "levelname": "INFO",
            "levelno": 20,
            "pathname": "C:\\Users\\ajame\\Legal_Study\\tests\\conftest.py",
            "filename": "conftest.py",
            "module": "conftest",
            "exc_info": null,
            "exc_text": null,
            "stack_info": null,
            "lineno": 106,
            "funcName": "setup_test_environment",
            "created": 1746670779.5919712,
            "msecs": 591.9711589813232,
            "relativeCreated": 11505.196809768677,
            "thread": 12440,
            "threadName": "MainThread",
            "processName": "MainProcess",
            "process": 19680,
            "asctime": "2025-05-07 19:19:39,591"
          }
        ]
      }
    },
    {
      "nodeid": "tests/unit/test_setup.py::test_python_version",
      "lineno": 4,
      "outcome": "passed",
      "keywords": [
        "test_python_version",
        "test_setup.py",
        "tests/unit/__init__.py",
        "Legal_Study"
      ],
      "setup": {
        "duration": 0.0025886999937938526,
        "outcome": "passed",
        "log": [
          {
            "name": "tests.conftest",
            "msg": "Starting test session at 2025-05-07 19:19:39.596188",
            "args": null,
            "levelname": "INFO",
            "levelno": 20,
            "pathname": "C:\\Users\\ajame\\Legal_Study\\tests\\conftest.py",
            "filename": "conftest.py",
            "module": "conftest",
            "exc_info": null,
            "exc_text": null,
            "stack_info": null,
            "lineno": 101,
            "funcName": "setup_test_environment",
            "created": 1746670779.5961888,
            "msecs": 596.1887836456299,
            "relativeCreated": 11509.414434432983,
            "thread": 12440,
            "threadName": "MainThread",
            "processName": "MainProcess",
            "process": 19680,
            "asctime": "2025-05-07 19:19:39,596"
          }
        ]
      },
      "call": {
        "duration": 0.0004098000063095242,
        "outcome": "passed"
      },
      "teardown": {
        "duration": 0.005080499991890974,
        "outcome": "passed",
        "log": [
          {
            "name": "tests.conftest",
            "msg": "Ending test session at 2025-05-07 19:19:39.597536",
            "args": null,
            "levelname": "INFO",
            "levelno": 20,
            "pathname": "C:\\Users\\ajame\\Legal_Study\\tests\\conftest.py",
            "filename": "conftest.py",
            "module": "conftest",
            "exc_info": null,
            "exc_text": null,
            "stack_info": null,
            "lineno": 106,
            "funcName": "setup_test_environment",
            "created": 1746670779.5975363,
            "msecs": 597.5363254547119,
            "relativeCreated": 11510.761976242065,
            "thread": 12440,
            "threadName": "MainThread",
            "processName": "MainProcess",
            "process": 19680,
            "asctime": "2025-05-07 19:19:39,597"
          }
        ]
      }
    }
  ],
  "suite_name": "unit",
  "timestamp": "20250507_191928",
  "exit_code": 1
}