{
  "created": 1746720931.6557636,
  "duration": 0.8623523712158203,
  "exitcode": 1,
  "root": "C:\\Users\\ajame\\Legal_Study",
  "environment": {},
  "summary": {
    "passed": 12,
    "failed": 1,
    "total": 13,
    "collected": 13
  },
  "collectors": [
    {
      "nodeid": "",
      "outcome": "passed",
      "result": [
        {
          "nodeid": "tests/unit/__init__.py",
          "type": "Package"
        }
      ]
    },
    {
      "nodeid": "tests/unit/test_api_documentation.py",
      "outcome": "passed",
      "result": [
        {
          "nodeid": "tests/unit/test_api_documentation.py::test_openapi_spec_exists",
          "type": "Function",
          "lineno": 5
        },
        {
          "nodeid": "tests/unit/test_api_documentation.py::test_openapi_spec_valid",
          "type": "Function",
          "lineno": 10
        },
        {
          "nodeid": "tests/unit/test_api_documentation.py::test_api_documentation_complete",
          "type": "Function",
          "lineno": 19
        },
        {
          "nodeid": "tests/unit/test_api_documentation.py::test_api_versioning",
          "type": "Function",
          "lineno": 32
        },
        {
          "nodeid": "tests/unit/test_api_documentation.py::test_api_security",
          "type": "Function",
          "lineno": 40
        },
        {
          "nodeid": "tests/unit/test_api_documentation.py::test_api_error_handling",
          "type": "Function",
          "lineno": 48
        },
        {
          "nodeid": "tests/unit/test_api_documentation.py::test_api_health_check",
          "type": "Function",
          "lineno": 56
        }
      ]
    },
    {
      "nodeid": "tests/unit/test_setup.py",
      "outcome": "passed",
      "result": [
        {
          "nodeid": "tests/unit/test_setup.py::test_python_version",
          "type": "Function",
          "lineno": 4
        },
        {
          "nodeid": "tests/unit/test_setup.py::test_pytest_working",
          "type": "Function",
          "lineno": 8
        },
        {
          "nodeid": "tests/unit/test_setup.py::test_env_configuration",
          "type": "Function",
          "lineno": 12
        },
        {
          "nodeid": "tests/unit/test_setup.py::test_unit_marker",
          "type": "Function",
          "lineno": 16
        },
        {
          "nodeid": "tests/unit/test_setup.py::test_integration_marker",
          "type": "Function",
          "lineno": 21
        },
        {
          "nodeid": "tests/unit/test_setup.py::test_security_marker",
          "type": "Function",
          "lineno": 26
        }
      ]
    },
    {
      "nodeid": "tests/unit/__init__.py",
      "outcome": "passed",
      "result": [
        {
          "nodeid": "tests/unit/test_api_documentation.py",
          "type": "Module"
        },
        {
          "nodeid": "tests/unit/test_setup.py",
          "type": "Module"
        }
      ]
    }
  ],
  "tests": [
    {
      "nodeid": "tests/unit/test_api_documentation.py::test_api_health_check",
      "lineno": 56,
      "outcome": "passed",
      "keywords": [
        "test_api_health_check",
        "test_api_documentation.py",
        "tests/unit/__init__.py",
        "Legal_Study"
      ],
      "setup": {
        "duration": 0.007168599986471236,
        "outcome": "passed",
        "log": [
          {
            "name": "tests.conftest",
            "msg": "Starting test session at 2025-05-08 09:15:31.056577",
            "args": null,
            "levelname": "INFO",
            "levelno": 20,
            "pathname": "C:\\Users\\ajame\\Legal_Study\\tests\\conftest.py",
            "filename": "conftest.py",
            "module": "conftest",
            "exc_info": null,
            "exc_text": null,
            "stack_info": null,
            "lineno": 101,
            "funcName": "setup_test_environment",
            "created": 1746720931.056577,
            "msecs": 56.57696723937988,
            "relativeCreated": 5199.970245361328,
            "thread": 13948,
            "threadName": "MainThread",
            "processName": "MainProcess",
            "process": 15916,
            "asctime": "2025-05-08 09:15:31,056"
          }
        ]
      },
      "call": {
        "duration": 0.036299900006270036,
        "outcome": "passed"
      },
      "teardown": {
        "duration": 0.0015589000249747187,
        "outcome": "passed",
        "log": [
          {
            "name": "tests.conftest",
            "msg": "Ending test session at 2025-05-08 09:15:31.097475",
            "args": null,
            "levelname": "INFO",
            "levelno": 20,
            "pathname": "C:\\Users\\ajame\\Legal_Study\\tests\\conftest.py",
            "filename": "conftest.py",
            "module": "conftest",
            "exc_info": null,
            "exc_text": null,
            "stack_info": null,
            "lineno": 106,
            "funcName": "setup_test_environment",
            "created": 1746720931.097475,
            "msecs": 97.47505187988281,
            "relativeCreated": 5240.868330001831,
            "thread": 13948,
            "threadName": "MainThread",
            "processName": "MainProcess",
            "process": 15916,
            "asctime": "2025-05-08 09:15:31,097"
          }
        ]
      }
    },
    {
      "nodeid": "tests/unit/test_api_documentation.py::test_openapi_spec_exists",
      "lineno": 5,
      "outcome": "passed",
      "keywords": [
        "test_openapi_spec_exists",
        "test_api_documentation.py",
        "tests/unit/__init__.py",
        "Legal_Study"
      ],
      "setup": {
        "duration": 0.003688299999339506,
        "outcome": "passed",
        "log": [
          {
            "name": "tests.conftest",
            "msg": "Starting test session at 2025-05-08 09:15:31.102740",
            "args": null,
            "levelname": "INFO",
            "levelno": 20,
            "pathname": "C:\\Users\\ajame\\Legal_Study\\tests\\conftest.py",
            "filename": "conftest.py",
            "module": "conftest",
            "exc_info": null,
            "exc_text": null,
            "stack_info": null,
            "lineno": 101,
            "funcName": "setup_test_environment",
            "created": 1746720931.102741,
            "msecs": 102.74100303649902,
            "relativeCreated": 5246.134281158447,
            "thread": 13948,
            "threadName": "MainThread",
            "processName": "MainProcess",
            "process": 15916,
            "asctime": "2025-05-08 09:15:31,102"
          }
        ]
      },
      "call": {
        "duration": 0.0014387000119313598,
        "outcome": "passed"
      },
      "teardown": {
        "duration": 0.0014545000158250332,
        "outcome": "passed",
        "log": [
          {
            "name": "tests.conftest",
            "msg": "Ending test session at 2025-05-08 09:15:31.106198",
            "args": null,
            "levelname": "INFO",
            "levelno": 20,
            "pathname": "C:\\Users\\ajame\\Legal_Study\\tests\\conftest.py",
            "filename": "conftest.py",
            "module": "conftest",
            "exc_info": null,
            "exc_text": null,
            "stack_info": null,
            "lineno": 106,
            "funcName": "setup_test_environment",
            "created": 1746720931.1061983,
            "msecs": 106.19831085205078,
            "relativeCreated": 5249.591588973999,
            "thread": 13948,
            "threadName": "MainThread",
            "processName": "MainProcess",
            "process": 15916,
            "asctime": "2025-05-08 09:15:31,106"
          }
        ]
      }
    },
    {
      "nodeid": "tests/unit/test_api_documentation.py::test_api_versioning",
      "lineno": 32,
      "outcome": "passed",
      "keywords": [
        "test_api_versioning",
        "test_api_documentation.py",
        "tests/unit/__init__.py",
        "Legal_Study"
      ],
      "setup": {
        "duration": 0.002705999999307096,
        "outcome": "passed",
        "log": [
          {
            "name": "tests.conftest",
            "msg": "Starting test session at 2025-05-08 09:15:31.110244",
            "args": null,
            "levelname": "INFO",
            "levelno": 20,
            "pathname": "C:\\Users\\ajame\\Legal_Study\\tests\\conftest.py",
            "filename": "conftest.py",
            "module": "conftest",
            "exc_info": null,
            "exc_text": null,
            "stack_info": null,
            "lineno": 101,
            "funcName": "setup_test_environment",
            "created": 1746720931.1102445,
            "msecs": 110.2445125579834,
            "relativeCreated": 5253.637790679932,
            "thread": 13948,
            "threadName": "MainThread",
            "processName": "MainProcess",
            "process": 15916,
            "asctime": "2025-05-08 09:15:31,110"
          }
        ]
      },
      "call": {
        "duration": 0.05250469999737106,
        "outcome": "passed"
      },
      "teardown": {
        "duration": 0.003644500015070662,
        "outcome": "passed",
        "log": [
          {
            "name": "tests.conftest",
            "msg": "Ending test session at 2025-05-08 09:15:31.205028",
            "args": null,
            "levelname": "INFO",
            "levelno": 20,
            "pathname": "C:\\Users\\ajame\\Legal_Study\\tests\\conftest.py",
            "filename": "conftest.py",
            "module": "conftest",
            "exc_info": null,
            "exc_text": null,
            "stack_info": null,
            "lineno": 106,
            "funcName": "setup_test_environment",
            "created": 1746720931.2050288,
            "msecs": 205.02877235412598,
            "relativeCreated": 5348.422050476074,
            "thread": 13948,
            "threadName": "MainThread",
            "processName": "MainProcess",
            "process": 15916,
            "asctime": "2025-05-08 09:15:31,205"
          }
        ]
      }
    },
    {
      "nodeid": "tests/unit/test_api_documentation.py::test_api_security",
      "lineno": 40,
      "outcome": "failed",
      "keywords": [
        "test_api_security",
        "test_api_documentation.py",
        "tests/unit/__init__.py",
        "Legal_Study"
      ],
      "setup": {
        "duration": 0.005398600012995303,
        "outcome": "passed",
        "log": [
          {
            "name": "tests.conftest",
            "msg": "Starting test session at 2025-05-08 09:15:31.213273",
            "args": null,
            "levelname": "INFO",
            "levelno": 20,
            "pathname": "C:\\Users\\ajame\\Legal_Study\\tests\\conftest.py",
            "filename": "conftest.py",
            "module": "conftest",
            "exc_info": null,
            "exc_text": null,
            "stack_info": null,
            "lineno": 101,
            "funcName": "setup_test_environment",
            "created": 1746720931.2132735,
            "msecs": 213.2735252380371,
            "relativeCreated": 5356.666803359985,
            "thread": 13948,
            "threadName": "MainThread",
            "processName": "MainProcess",
            "process": 15916,
            "asctime": "2025-05-08 09:15:31,213"
          }
        ]
      },
      "call": {
        "duration": 0.05508900000131689,
        "outcome": "failed",
        "crash": {
          "path": "C:\\Users\\ajame\\Legal_Study\\tests\\unit\\test_api_documentation.py",
          "lineno": 46,
          "message": "AssertionError: Security schemes not specified\nassert 'securitySchemes' in {'schemas': {'Comment': {'properties': {'content': {'type': 'string'}, 'created_at': {'format': 'date-time', 'type': 'string'}, 'id': {'type': 'string'}}, 'type': 'object'}, 'Error': {'properties': {'detail': {'description': 'Error message', 'type': 'string'}}, 'type': 'object'}, 'ErrorResponse': {'properties': {'error': {'type': 'string'}, 'message': {'type': 'string'}, 'timestamp': {'format': 'date-time', 'type': 'string'}}, 'type': 'object'}, 'HealthResponse': {'properties': {'status': {'enum': ['healthy'], 'type': 'string'}, 'timestamp': {'format': 'date-time', 'type': 'string'}, 'version': {'type': 'string'}}, 'type': 'object'}, ...}}\n +  where {'schemas': {'Comment': {'properties': {'content': {'type': 'string'}, 'created_at': {'format': 'date-time', 'type': 'string'}, 'id': {'type': 'string'}}, 'type': 'object'}, 'Error': {'properties': {'detail': {'description': 'Error message', 'type': 'string'}}, 'type': 'object'}, 'ErrorResponse': {'properties': {'error': {'type': 'string'}, 'message': {'type': 'string'}, 'timestamp': {'format': 'date-time', 'type': 'string'}}, 'type': 'object'}, 'HealthResponse': {'properties': {'status': {'enum': ['healthy'], 'type': 'string'}, 'timestamp': {'format': 'date-time', 'type': 'string'}, 'version': {'type': 'string'}}, 'type': 'object'}, ...}} = <built-in method get of dict object at 0x0000024F18D36F40>('components', {})\n +    where <built-in method get of dict object at 0x0000024F18D36F40> = {'components': {'schemas': {'Comment': {'properties': {'content': {'type': 'string'}, 'created_at': {'format': 'date-time', 'type': 'string'}, 'id': {'type': 'string'}}, 'type': 'object'}, 'Error': {'properties': {'detail': {'description': 'Error message', 'type': 'string'}}, 'type': 'object'}, 'ErrorResponse': {'properties': {'error': {'type': 'string'}, 'message': {'type': 'string'}, 'timestamp': {'format': 'date-time', 'type': 'string'}}, 'type': 'object'}, 'HealthResponse': {'properties': {'status': {'enum': [...], 'type': 'string'}, 'timestamp': {'format': 'date-time', 'type': 'string'}, 'version': {'type': 'string'}}, 'type': 'object'}, ...}}, 'info': {'description': 'API for Legal Study application', 'title': 'Legal Study API', 'version': '1.0.0'}, 'openapi': '3.0.0', 'paths': {'/api/v1/comment': {'post': {'description': 'Add a comment to a document', 'requestBody': {'content': {'application/json': {...}}, 'required': True}, 'responses': {'200': {'description': 'Comment added'}, '400': {'description': 'Invalid input'}, '401': {'description': 'Unauthorized'}}, 'security': [{'BearerAuth': []}], ...}}, '/api/v1/error': {'get': {'description': 'Endpoint to test error handling', 'responses': {'500': {'content': {...}, 'description': 'Internal server error'}}, 'summary': 'Test error endpoint'}}, '/api/v1/protected': {'get': {'description': 'Endpoint that requires authentication', 'responses': {'200': {'description': 'Access granted'}, '401': {'description': 'Unauthorized'}, '403': {'description': 'Forbidden'}}, 'security': [{'BearerAuth': []}], 'summary': 'Protected endpoint'}}, '/api/v1/search': {'post': {'description': 'Search for legal documents', 'requestBody': {'content': {'application/json': {...}}, 'required': True}, 'responses': {'200': {'description': 'Search results'}, '400': {'description': 'Invalid input'}, '401': {'description': 'Unauthorized'}}, 'summary': 'Search endpoint'}}, ...}, ...}.get"
        },
        "traceback": [
          {
            "path": "tests\\unit\\test_api_documentation.py",
            "lineno": 46,
            "message": "AssertionError"
          }
        ],
        "longrepr": "def test_api_security():\n        \"\"\"Test that API security is properly documented.\"\"\"\n        api_dir = Path(__file__).parent.parent.parent / '.api'\n        with open(api_dir / 'openapi.yaml', 'r') as f:\n            spec = yaml.safe_load(f)\n>           assert 'securitySchemes' in spec.get('components', {}), \"Security schemes not specified\"\nE           AssertionError: Security schemes not specified\nE           assert 'securitySchemes' in {'schemas': {'Comment': {'properties': {'content': {'type': 'string'}, 'created_at': {'format': 'date-time', 'type': 'string'}, 'id': {'type': 'string'}}, 'type': 'object'}, 'Error': {'properties': {'detail': {'description': 'Error message', 'type': 'string'}}, 'type': 'object'}, 'ErrorResponse': {'properties': {'error': {'type': 'string'}, 'message': {'type': 'string'}, 'timestamp': {'format': 'date-time', 'type': 'string'}}, 'type': 'object'}, 'HealthResponse': {'properties': {'status': {'enum': ['healthy'], 'type': 'string'}, 'timestamp': {'format': 'date-time', 'type': 'string'}, 'version': {'type': 'string'}}, 'type': 'object'}, ...}}\nE            +  where {'schemas': {'Comment': {'properties': {'content': {'type': 'string'}, 'created_at': {'format': 'date-time', 'type': 'string'}, 'id': {'type': 'string'}}, 'type': 'object'}, 'Error': {'properties': {'detail': {'description': 'Error message', 'type': 'string'}}, 'type': 'object'}, 'ErrorResponse': {'properties': {'error': {'type': 'string'}, 'message': {'type': 'string'}, 'timestamp': {'format': 'date-time', 'type': 'string'}}, 'type': 'object'}, 'HealthResponse': {'properties': {'status': {'enum': ['healthy'], 'type': 'string'}, 'timestamp': {'format': 'date-time', 'type': 'string'}, 'version': {'type': 'string'}}, 'type': 'object'}, ...}} = <built-in method get of dict object at 0x0000024F18D36F40>('components', {})\nE            +    where <built-in method get of dict object at 0x0000024F18D36F40> = {'components': {'schemas': {'Comment': {'properties': {'content': {'type': 'string'}, 'created_at': {'format': 'date-time', 'type': 'string'}, 'id': {'type': 'string'}}, 'type': 'object'}, 'Error': {'properties': {'detail': {'description': 'Error message', 'type': 'string'}}, 'type': 'object'}, 'ErrorResponse': {'properties': {'error': {'type': 'string'}, 'message': {'type': 'string'}, 'timestamp': {'format': 'date-time', 'type': 'string'}}, 'type': 'object'}, 'HealthResponse': {'properties': {'status': {'enum': [...], 'type': 'string'}, 'timestamp': {'format': 'date-time', 'type': 'string'}, 'version': {'type': 'string'}}, 'type': 'object'}, ...}}, 'info': {'description': 'API for Legal Study application', 'title': 'Legal Study API', 'version': '1.0.0'}, 'openapi': '3.0.0', 'paths': {'/api/v1/comment': {'post': {'description': 'Add a comment to a document', 'requestBody': {'content': {'application/json': {...}}, 'required': True}, 'responses': {'200': {'description': 'Comment added'}, '400': {'description': 'Invalid input'}, '401': {'description': 'Unauthorized'}}, 'security': [{'BearerAuth': []}], ...}}, '/api/v1/error': {'get': {'description': 'Endpoint to test error handling', 'responses': {'500': {'content': {...}, 'description': 'Internal server error'}}, 'summary': 'Test error endpoint'}}, '/api/v1/protected': {'get': {'description': 'Endpoint that requires authentication', 'responses': {'200': {'description': 'Access granted'}, '401': {'description': 'Unauthorized'}, '403': {'description': 'Forbidden'}}, 'security': [{'BearerAuth': []}], 'summary': 'Protected endpoint'}}, '/api/v1/search': {'post': {'description': 'Search for legal documents', 'requestBody': {'content': {'application/json': {...}}, 'required': True}, 'responses': {'200': {'description': 'Search results'}, '400': {'description': 'Invalid input'}, '401': {'description': 'Unauthorized'}}, 'summary': 'Search endpoint'}}, ...}, ...}.get\n\ntests\\unit\\test_api_documentation.py:46: AssertionError"
      },
      "teardown": {
        "duration": 0.0015143000055104494,
        "outcome": "passed",
        "log": [
          {
            "name": "tests.conftest",
            "msg": "Ending test session at 2025-05-08 09:15:31.484382",
            "args": null,
            "levelname": "INFO",
            "levelno": 20,
            "pathname": "C:\\Users\\ajame\\Legal_Study\\tests\\conftest.py",
            "filename": "conftest.py",
            "module": "conftest",
            "exc_info": null,
            "exc_text": null,
            "stack_info": null,
            "lineno": 106,
            "funcName": "setup_test_environment",
            "created": 1746720931.4843822,
            "msecs": 484.38215255737305,
            "relativeCreated": 5627.775430679321,
            "thread": 13948,
            "threadName": "MainThread",
            "processName": "MainProcess",
            "process": 15916,
            "asctime": "2025-05-08 09:15:31,484"
          }
        ]
      }
    },
    {
      "nodeid": "tests/unit/test_api_documentation.py::test_api_documentation_complete",
      "lineno": 19,
      "outcome": "passed",
      "keywords": [
        "test_api_documentation_complete",
        "test_api_documentation.py",
        "tests/unit/__init__.py",
        "Legal_Study"
      ],
      "setup": {
        "duration": 0.0030263999942690134,
        "outcome": "passed",
        "log": [
          {
            "name": "tests.conftest",
            "msg": "Starting test session at 2025-05-08 09:15:31.488071",
            "args": null,
            "levelname": "INFO",
            "levelno": 20,
            "pathname": "C:\\Users\\ajame\\Legal_Study\\tests\\conftest.py",
            "filename": "conftest.py",
            "module": "conftest",
            "exc_info": null,
            "exc_text": null,
            "stack_info": null,
            "lineno": 101,
            "funcName": "setup_test_environment",
            "created": 1746720931.488071,
            "msecs": 488.0709648132324,
            "relativeCreated": 5631.464242935181,
            "thread": 13948,
            "threadName": "MainThread",
            "processName": "MainProcess",
            "process": 15916,
            "asctime": "2025-05-08 09:15:31,488"
          }
        ]
      },
      "call": {
        "duration": 0.0011337999894749373,
        "outcome": "passed"
      },
      "teardown": {
        "duration": 0.001362599985441193,
        "outcome": "passed",
        "log": [
          {
            "name": "tests.conftest",
            "msg": "Ending test session at 2025-05-08 09:15:31.491707",
            "args": null,
            "levelname": "INFO",
            "levelno": 20,
            "pathname": "C:\\Users\\ajame\\Legal_Study\\tests\\conftest.py",
            "filename": "conftest.py",
            "module": "conftest",
            "exc_info": null,
            "exc_text": null,
            "stack_info": null,
            "lineno": 106,
            "funcName": "setup_test_environment",
            "created": 1746720931.4917078,
            "msecs": 491.70780181884766,
            "relativeCreated": 5635.101079940796,
            "thread": 13948,
            "threadName": "MainThread",
            "processName": "MainProcess",
            "process": 15916,
            "asctime": "2025-05-08 09:15:31,491"
          }
        ]
      }
    },
    {
      "nodeid": "tests/unit/test_api_documentation.py::test_openapi_spec_valid",
      "lineno": 10,
      "outcome": "passed",
      "keywords": [
        "test_openapi_spec_valid",
        "test_api_documentation.py",
        "tests/unit/__init__.py",
        "Legal_Study"
      ],
      "setup": {
        "duration": 0.0030307999986689538,
        "outcome": "passed",
        "log": [
          {
            "name": "tests.conftest",
            "msg": "Starting test session at 2025-05-08 09:15:31.496335",
            "args": null,
            "levelname": "INFO",
            "levelno": 20,
            "pathname": "C:\\Users\\ajame\\Legal_Study\\tests\\conftest.py",
            "filename": "conftest.py",
            "module": "conftest",
            "exc_info": null,
            "exc_text": null,
            "stack_info": null,
            "lineno": 101,
            "funcName": "setup_test_environment",
            "created": 1746720931.4963355,
            "msecs": 496.335506439209,
            "relativeCreated": 5639.728784561157,
            "thread": 13948,
            "threadName": "MainThread",
            "processName": "MainProcess",
            "process": 15916,
            "asctime": "2025-05-08 09:15:31,496"
          }
        ]
      },
      "call": {
        "duration": 0.040429300017422065,
        "outcome": "passed"
      },
      "teardown": {
        "duration": 0.001855600014096126,
        "outcome": "passed",
        "log": [
          {
            "name": "tests.conftest",
            "msg": "Ending test session at 2025-05-08 09:15:31.539428",
            "args": null,
            "levelname": "INFO",
            "levelno": 20,
            "pathname": "C:\\Users\\ajame\\Legal_Study\\tests\\conftest.py",
            "filename": "conftest.py",
            "module": "conftest",
            "exc_info": null,
            "exc_text": null,
            "stack_info": null,
            "lineno": 106,
            "funcName": "setup_test_environment",
            "created": 1746720931.539428,
            "msecs": 539.4279956817627,
            "relativeCreated": 5682.821273803711,
            "thread": 13948,
            "threadName": "MainThread",
            "processName": "MainProcess",
            "process": 15916,
            "asctime": "2025-05-08 09:15:31,539"
          }
        ]
      }
    },
    {
      "nodeid": "tests/unit/test_api_documentation.py::test_api_error_handling",
      "lineno": 48,
      "outcome": "passed",
      "keywords": [
        "test_api_error_handling",
        "test_api_documentation.py",
        "tests/unit/__init__.py",
        "Legal_Study"
      ],
      "setup": {
        "duration": 0.003023800003575161,
        "outcome": "passed",
        "log": [
          {
            "name": "tests.conftest",
            "msg": "Starting test session at 2025-05-08 09:15:31.544423",
            "args": null,
            "levelname": "INFO",
            "levelno": 20,
            "pathname": "C:\\Users\\ajame\\Legal_Study\\tests\\conftest.py",
            "filename": "conftest.py",
            "module": "conftest",
            "exc_info": null,
            "exc_text": null,
            "stack_info": null,
            "lineno": 101,
            "funcName": "setup_test_environment",
            "created": 1746720931.5444233,
            "msecs": 544.4233417510986,
            "relativeCreated": 5687.816619873047,
            "thread": 13948,
            "threadName": "MainThread",
            "processName": "MainProcess",
            "process": 15916,
            "asctime": "2025-05-08 09:15:31,544"
          }
        ]
      },
      "call": {
        "duration": 0.03758629999356344,
        "outcome": "passed"
      },
      "teardown": {
        "duration": 0.001029900013236329,
        "outcome": "passed",
        "log": [
          {
            "name": "tests.conftest",
            "msg": "Ending test session at 2025-05-08 09:15:31.580186",
            "args": null,
            "levelname": "INFO",
            "levelno": 20,
            "pathname": "C:\\Users\\ajame\\Legal_Study\\tests\\conftest.py",
            "filename": "conftest.py",
            "module": "conftest",
            "exc_info": null,
            "exc_text": null,
            "stack_info": null,
            "lineno": 106,
            "funcName": "setup_test_environment",
            "created": 1746720931.5801866,
            "msecs": 580.1866054534912,
            "relativeCreated": 5723.579883575439,
            "thread": 13948,
            "threadName": "MainThread",
            "processName": "MainProcess",
            "process": 15916,
            "asctime": "2025-05-08 09:15:31,580"
          }
        ]
      }
    },
    {
      "nodeid": "tests/unit/test_setup.py::test_unit_marker",
      "lineno": 16,
      "outcome": "passed",
      "keywords": [
        "test_unit_marker",
        "unit",
        "pytestmark",
        "test_setup.py",
        "tests/unit/__init__.py",
        "Legal_Study"
      ],
      "setup": {
        "duration": 0.0023935000062920153,
        "outcome": "passed",
        "log": [
          {
            "name": "tests.conftest",
            "msg": "Starting test session at 2025-05-08 09:15:31.586009",
            "args": null,
            "levelname": "INFO",
            "levelno": 20,
            "pathname": "C:\\Users\\ajame\\Legal_Study\\tests\\conftest.py",
            "filename": "conftest.py",
            "module": "conftest",
            "exc_info": null,
            "exc_text": null,
            "stack_info": null,
            "lineno": 101,
            "funcName": "setup_test_environment",
            "created": 1746720931.5860097,
            "msecs": 586.0097408294678,
            "relativeCreated": 5729.403018951416,
            "thread": 13948,
            "threadName": "MainThread",
            "processName": "MainProcess",
            "process": 15916,
            "asctime": "2025-05-08 09:15:31,586"
          }
        ]
      },
      "call": {
        "duration": 0.00032989997998811305,
        "outcome": "passed"
      },
      "teardown": {
        "duration": 0.0014770999841857702,
        "outcome": "passed",
        "log": [
          {
            "name": "tests.conftest",
            "msg": "Ending test session at 2025-05-08 09:15:31.588169",
            "args": null,
            "levelname": "INFO",
            "levelno": 20,
            "pathname": "C:\\Users\\ajame\\Legal_Study\\tests\\conftest.py",
            "filename": "conftest.py",
            "module": "conftest",
            "exc_info": null,
            "exc_text": null,
            "stack_info": null,
            "lineno": 106,
            "funcName": "setup_test_environment",
            "created": 1746720931.58817,
            "msecs": 588.170051574707,
            "relativeCreated": 5731.563329696655,
            "thread": 13948,
            "threadName": "MainThread",
            "processName": "MainProcess",
            "process": 15916,
            "asctime": "2025-05-08 09:15:31,588"
          }
        ]
      }
    },
    {
      "nodeid": "tests/unit/test_setup.py::test_env_configuration",
      "lineno": 12,
      "outcome": "passed",
      "keywords": [
        "test_env_configuration",
        "test_setup.py",
        "tests/unit/__init__.py",
        "Legal_Study"
      ],
      "setup": {
        "duration": 0.002493900014087558,
        "outcome": "passed",
        "log": [
          {
            "name": "tests.conftest",
            "msg": "Starting test session at 2025-05-08 09:15:31.592395",
            "args": null,
            "levelname": "INFO",
            "levelno": 20,
            "pathname": "C:\\Users\\ajame\\Legal_Study\\tests\\conftest.py",
            "filename": "conftest.py",
            "module": "conftest",
            "exc_info": null,
            "exc_text": null,
            "stack_info": null,
            "lineno": 101,
            "funcName": "setup_test_environment",
            "created": 1746720931.592395,
            "msecs": 592.3950672149658,
            "relativeCreated": 5735.788345336914,
            "thread": 13948,
            "threadName": "MainThread",
            "processName": "MainProcess",
            "process": 15916,
            "asctime": "2025-05-08 09:15:31,592"
          }
        ]
      },
      "call": {
        "duration": 0.0005898000090382993,
        "outcome": "passed"
      },
      "teardown": {
        "duration": 0.0010844999924302101,
        "outcome": "passed",
        "log": [
          {
            "name": "tests.conftest",
            "msg": "Ending test session at 2025-05-08 09:15:31.594143",
            "args": null,
            "levelname": "INFO",
            "levelno": 20,
            "pathname": "C:\\Users\\ajame\\Legal_Study\\tests\\conftest.py",
            "filename": "conftest.py",
            "module": "conftest",
            "exc_info": null,
            "exc_text": null,
            "stack_info": null,
            "lineno": 106,
            "funcName": "setup_test_environment",
            "created": 1746720931.5941436,
            "msecs": 594.1436290740967,
            "relativeCreated": 5737.536907196045,
            "thread": 13948,
            "threadName": "MainThread",
            "processName": "MainProcess",
            "process": 15916,
            "asctime": "2025-05-08 09:15:31,594"
          }
        ]
      }
    },
    {
      "nodeid": "tests/unit/test_setup.py::test_pytest_working",
      "lineno": 8,
      "outcome": "passed",
      "keywords": [
        "test_pytest_working",
        "test_setup.py",
        "tests/unit/__init__.py",
        "Legal_Study"
      ],
      "setup": {
        "duration": 0.0040788000042084605,
        "outcome": "passed",
        "log": [
          {
            "name": "tests.conftest",
            "msg": "Starting test session at 2025-05-08 09:15:31.599904",
            "args": null,
            "levelname": "INFO",
            "levelno": 20,
            "pathname": "C:\\Users\\ajame\\Legal_Study\\tests\\conftest.py",
            "filename": "conftest.py",
            "module": "conftest",
            "exc_info": null,
            "exc_text": null,
            "stack_info": null,
            "lineno": 101,
            "funcName": "setup_test_environment",
            "created": 1746720931.599905,
            "msecs": 599.9050140380859,
            "relativeCreated": 5743.298292160034,
            "thread": 13948,
            "threadName": "MainThread",
            "processName": "MainProcess",
            "process": 15916,
            "asctime": "2025-05-08 09:15:31,599"
          }
        ]
      },
      "call": {
        "duration": 0.0005807999987155199,
        "outcome": "passed"
      },
      "teardown": {
        "duration": 0.0016838000155985355,
        "outcome": "passed",
        "log": [
          {
            "name": "tests.conftest",
            "msg": "Ending test session at 2025-05-08 09:15:31.602903",
            "args": null,
            "levelname": "INFO",
            "levelno": 20,
            "pathname": "C:\\Users\\ajame\\Legal_Study\\tests\\conftest.py",
            "filename": "conftest.py",
            "module": "conftest",
            "exc_info": null,
            "exc_text": null,
            "stack_info": null,
            "lineno": 106,
            "funcName": "setup_test_environment",
            "created": 1746720931.6029038,
            "msecs": 602.9038429260254,
            "relativeCreated": 5746.297121047974,
            "thread": 13948,
            "threadName": "MainThread",
            "processName": "MainProcess",
            "process": 15916,
            "asctime": "2025-05-08 09:15:31,602"
          }
        ]
      }
    },
    {
      "nodeid": "tests/unit/test_setup.py::test_security_marker",
      "lineno": 26,
      "outcome": "passed",
      "keywords": [
        "test_security_marker",
        "security",
        "pytestmark",
        "test_setup.py",
        "tests/unit/__init__.py",
        "Legal_Study"
      ],
      "setup": {
        "duration": 0.0029784000071231276,
        "outcome": "passed",
        "log": [
          {
            "name": "tests.conftest",
            "msg": "Starting test session at 2025-05-08 09:15:31.607719",
            "args": null,
            "levelname": "INFO",
            "levelno": 20,
            "pathname": "C:\\Users\\ajame\\Legal_Study\\tests\\conftest.py",
            "filename": "conftest.py",
            "module": "conftest",
            "exc_info": null,
            "exc_text": null,
            "stack_info": null,
            "lineno": 101,
            "funcName": "setup_test_environment",
            "created": 1746720931.6077197,
            "msecs": 607.7196598052979,
            "relativeCreated": 5751.112937927246,
            "thread": 13948,
            "threadName": "MainThread",
            "processName": "MainProcess",
            "process": 15916,
            "asctime": "2025-05-08 09:15:31,607"
          }
        ]
      },
      "call": {
        "duration": 0.0004613999917637557,
        "outcome": "passed"
      },
      "teardown": {
        "duration": 0.0010871000122278929,
        "outcome": "passed",
        "log": [
          {
            "name": "tests.conftest",
            "msg": "Ending test session at 2025-05-08 09:15:31.610217",
            "args": null,
            "levelname": "INFO",
            "levelno": 20,
            "pathname": "C:\\Users\\ajame\\Legal_Study\\tests\\conftest.py",
            "filename": "conftest.py",
            "module": "conftest",
            "exc_info": null,
            "exc_text": null,
            "stack_info": null,
            "lineno": 106,
            "funcName": "setup_test_environment",
            "created": 1746720931.6102178,
            "msecs": 610.217809677124,
            "relativeCreated": 5753.611087799072,
            "thread": 13948,
            "threadName": "MainThread",
            "processName": "MainProcess",
            "process": 15916,
            "asctime": "2025-05-08 09:15:31,610"
          }
        ]
      }
    },
    {
      "nodeid": "tests/unit/test_setup.py::test_integration_marker",
      "lineno": 21,
      "outcome": "passed",
      "keywords": [
        "test_integration_marker",
        "integration",
        "pytestmark",
        "test_setup.py",
        "tests/unit/__init__.py",
        "Legal_Study"
      ],
      "setup": {
        "duration": 0.0029316000000108033,
        "outcome": "passed",
        "log": [
          {
            "name": "tests.conftest",
            "msg": "Starting test session at 2025-05-08 09:15:31.614063",
            "args": null,
            "levelname": "INFO",
            "levelno": 20,
            "pathname": "C:\\Users\\ajame\\Legal_Study\\tests\\conftest.py",
            "filename": "conftest.py",
            "module": "conftest",
            "exc_info": null,
            "exc_text": null,
            "stack_info": null,
            "lineno": 101,
            "funcName": "setup_test_environment",
            "created": 1746720931.614063,
            "msecs": 614.063024520874,
            "relativeCreated": 5757.456302642822,
            "thread": 13948,
            "threadName": "MainThread",
            "processName": "MainProcess",
            "process": 15916,
            "asctime": "2025-05-08 09:15:31,614"
          }
        ]
      },
      "call": {
        "duration": 0.00038079998921602964,
        "outcome": "passed"
      },
      "teardown": {
        "duration": 0.0008990000060293823,
        "outcome": "passed",
        "log": [
          {
            "name": "tests.conftest",
            "msg": "Ending test session at 2025-05-08 09:15:31.616079",
            "args": null,
            "levelname": "INFO",
            "levelno": 20,
            "pathname": "C:\\Users\\ajame\\Legal_Study\\tests\\conftest.py",
            "filename": "conftest.py",
            "module": "conftest",
            "exc_info": null,
            "exc_text": null,
            "stack_info": null,
            "lineno": 106,
            "funcName": "setup_test_environment",
            "created": 1746720931.6160793,
            "msecs": 616.0793304443359,
            "relativeCreated": 5759.472608566284,
            "thread": 13948,
            "threadName": "MainThread",
            "processName": "MainProcess",
            "process": 15916,
            "asctime": "2025-05-08 09:15:31,616"
          }
        ]
      }
    },
    {
      "nodeid": "tests/unit/test_setup.py::test_python_version",
      "lineno": 4,
      "outcome": "passed",
      "keywords": [
        "test_python_version",
        "test_setup.py",
        "tests/unit/__init__.py",
        "Legal_Study"
      ],
      "setup": {
        "duration": 0.0022419000160880387,
        "outcome": "passed",
        "log": [
          {
            "name": "tests.conftest",
            "msg": "Starting test session at 2025-05-08 09:15:31.618307",
            "args": null,
            "levelname": "INFO",
            "levelno": 20,
            "pathname": "C:\\Users\\ajame\\Legal_Study\\tests\\conftest.py",
            "filename": "conftest.py",
            "module": "conftest",
            "exc_info": null,
            "exc_text": null,
            "stack_info": null,
            "lineno": 101,
            "funcName": "setup_test_environment",
            "created": 1746720931.6195784,
            "msecs": 619.5783615112305,
            "relativeCreated": 5762.971639633179,
            "thread": 13948,
            "threadName": "MainThread",
            "processName": "MainProcess",
            "process": 15916,
            "asctime": "2025-05-08 09:15:31,619"
          }
        ]
      },
      "call": {
        "duration": 0.000583800021559,
        "outcome": "passed"
      },
      "teardown": {
        "duration": 0.0034866000059992075,
        "outcome": "passed",
        "log": [
          {
            "name": "tests.conftest",
            "msg": "Ending test session at 2025-05-08 09:15:31.620762",
            "args": null,
            "levelname": "INFO",
            "levelno": 20,
            "pathname": "C:\\Users\\ajame\\Legal_Study\\tests\\conftest.py",
            "filename": "conftest.py",
            "module": "conftest",
            "exc_info": null,
            "exc_text": null,
            "stack_info": null,
            "lineno": 106,
            "funcName": "setup_test_environment",
            "created": 1746720931.620762,
            "msecs": 620.7621097564697,
            "relativeCreated": 5764.155387878418,
            "thread": 13948,
            "threadName": "MainThread",
            "processName": "MainProcess",
            "process": 15916,
            "asctime": "2025-05-08 09:15:31,620"
          }
        ]
      }
    }
  ],
  "suite_name": "unit",
  "timestamp": "20250508_091526",
  "exit_code": 1
}