{
  "created": 1746712382.429039,
  "duration": 1.0392954349517822,
  "exitcode": 1,
  "root": "C:\\Users\\ajame\\Legal_Study",
  "environment": {},
  "summary": {
    "passed": 12,
    "failed": 1,
    "total": 13,
    "collected": 13
  },
  "collectors": [
    {
      "nodeid": "",
      "outcome": "passed",
      "result": [
        {
          "nodeid": "tests/unit/__init__.py",
          "type": "Package"
        }
      ]
    },
    {
      "nodeid": "tests/unit/test_api_documentation.py",
      "outcome": "passed",
      "result": [
        {
          "nodeid": "tests/unit/test_api_documentation.py::test_openapi_spec_exists",
          "type": "Function",
          "lineno": 5
        },
        {
          "nodeid": "tests/unit/test_api_documentation.py::test_openapi_spec_valid",
          "type": "Function",
          "lineno": 10
        },
        {
          "nodeid": "tests/unit/test_api_documentation.py::test_api_documentation_complete",
          "type": "Function",
          "lineno": 19
        },
        {
          "nodeid": "tests/unit/test_api_documentation.py::test_api_versioning",
          "type": "Function",
          "lineno": 32
        },
        {
          "nodeid": "tests/unit/test_api_documentation.py::test_api_security",
          "type": "Function",
          "lineno": 40
        },
        {
          "nodeid": "tests/unit/test_api_documentation.py::test_api_error_handling",
          "type": "Function",
          "lineno": 48
        },
        {
          "nodeid": "tests/unit/test_api_documentation.py::test_api_health_check",
          "type": "Function",
          "lineno": 56
        }
      ]
    },
    {
      "nodeid": "tests/unit/test_setup.py",
      "outcome": "passed",
      "result": [
        {
          "nodeid": "tests/unit/test_setup.py::test_python_version",
          "type": "Function",
          "lineno": 4
        },
        {
          "nodeid": "tests/unit/test_setup.py::test_pytest_working",
          "type": "Function",
          "lineno": 8
        },
        {
          "nodeid": "tests/unit/test_setup.py::test_env_configuration",
          "type": "Function",
          "lineno": 12
        },
        {
          "nodeid": "tests/unit/test_setup.py::test_unit_marker",
          "type": "Function",
          "lineno": 16
        },
        {
          "nodeid": "tests/unit/test_setup.py::test_integration_marker",
          "type": "Function",
          "lineno": 21
        },
        {
          "nodeid": "tests/unit/test_setup.py::test_security_marker",
          "type": "Function",
          "lineno": 26
        }
      ]
    },
    {
      "nodeid": "tests/unit/__init__.py",
      "outcome": "passed",
      "result": [
        {
          "nodeid": "tests/unit/test_api_documentation.py",
          "type": "Module"
        },
        {
          "nodeid": "tests/unit/test_setup.py",
          "type": "Module"
        }
      ]
    }
  ],
  "tests": [
    {
      "nodeid": "tests/unit/test_setup.py::test_security_marker",
      "lineno": 26,
      "outcome": "passed",
      "keywords": [
        "test_security_marker",
        "security",
        "pytestmark",
        "test_setup.py",
        "tests/unit/__init__.py",
        "Legal_Study"
      ],
      "setup": {
        "duration": 0.00953720000688918,
        "outcome": "passed",
        "log": [
          {
            "name": "tests.conftest",
            "msg": "Starting test session at 2025-05-08 06:53:01.677889",
            "args": null,
            "levelname": "INFO",
            "levelno": 20,
            "pathname": "C:\\Users\\ajame\\Legal_Study\\tests\\conftest.py",
            "filename": "conftest.py",
            "module": "conftest",
            "exc_info": null,
            "exc_text": null,
            "stack_info": null,
            "lineno": 101,
            "funcName": "setup_test_environment",
            "created": 1746712381.6778893,
            "msecs": 677.889347076416,
            "relativeCreated": 5631.0577392578125,
            "thread": 19692,
            "threadName": "MainThread",
            "processName": "MainProcess",
            "process": 13668,
            "asctime": "2025-05-08 06:53:01,677"
          }
        ]
      },
      "call": {
        "duration": 0.0009787000017240644,
        "outcome": "passed"
      },
      "teardown": {
        "duration": 0.0031042999762576073,
        "outcome": "passed",
        "log": [
          {
            "name": "tests.conftest",
            "msg": "Ending test session at 2025-05-08 06:53:01.684202",
            "args": null,
            "levelname": "INFO",
            "levelno": 20,
            "pathname": "C:\\Users\\ajame\\Legal_Study\\tests\\conftest.py",
            "filename": "conftest.py",
            "module": "conftest",
            "exc_info": null,
            "exc_text": null,
            "stack_info": null,
            "lineno": 106,
            "funcName": "setup_test_environment",
            "created": 1746712381.6842024,
            "msecs": 684.2024326324463,
            "relativeCreated": 5637.370824813843,
            "thread": 19692,
            "threadName": "MainThread",
            "processName": "MainProcess",
            "process": 13668,
            "asctime": "2025-05-08 06:53:01,684"
          }
        ]
      }
    },
    {
      "nodeid": "tests/unit/test_setup.py::test_unit_marker",
      "lineno": 16,
      "outcome": "passed",
      "keywords": [
        "test_unit_marker",
        "unit",
        "pytestmark",
        "test_setup.py",
        "tests/unit/__init__.py",
        "Legal_Study"
      ],
      "setup": {
        "duration": 0.003285299986600876,
        "outcome": "passed",
        "log": [
          {
            "name": "tests.conftest",
            "msg": "Starting test session at 2025-05-08 06:53:01.690326",
            "args": null,
            "levelname": "INFO",
            "levelno": 20,
            "pathname": "C:\\Users\\ajame\\Legal_Study\\tests\\conftest.py",
            "filename": "conftest.py",
            "module": "conftest",
            "exc_info": null,
            "exc_text": null,
            "stack_info": null,
            "lineno": 101,
            "funcName": "setup_test_environment",
            "created": 1746712381.6903265,
            "msecs": 690.326452255249,
            "relativeCreated": 5643.4948444366455,
            "thread": 19692,
            "threadName": "MainThread",
            "processName": "MainProcess",
            "process": 13668,
            "asctime": "2025-05-08 06:53:01,690"
          }
        ]
      },
      "call": {
        "duration": 0.0005640000163111836,
        "outcome": "passed"
      },
      "teardown": {
        "duration": 0.0012128000089433044,
        "outcome": "passed",
        "log": [
          {
            "name": "tests.conftest",
            "msg": "Ending test session at 2025-05-08 06:53:01.693499",
            "args": null,
            "levelname": "INFO",
            "levelno": 20,
            "pathname": "C:\\Users\\ajame\\Legal_Study\\tests\\conftest.py",
            "filename": "conftest.py",
            "module": "conftest",
            "exc_info": null,
            "exc_text": null,
            "stack_info": null,
            "lineno": 106,
            "funcName": "setup_test_environment",
            "created": 1746712381.6934998,
            "msecs": 693.4998035430908,
            "relativeCreated": 5646.668195724487,
            "thread": 19692,
            "threadName": "MainThread",
            "processName": "MainProcess",
            "process": 13668,
            "asctime": "2025-05-08 06:53:01,693"
          }
        ]
      }
    },
    {
      "nodeid": "tests/unit/test_setup.py::test_pytest_working",
      "lineno": 8,
      "outcome": "passed",
      "keywords": [
        "test_pytest_working",
        "test_setup.py",
        "tests/unit/__init__.py",
        "Legal_Study"
      ],
      "setup": {
        "duration": 0.0037090999830979854,
        "outcome": "passed",
        "log": [
          {
            "name": "tests.conftest",
            "msg": "Starting test session at 2025-05-08 06:53:01.697615",
            "args": null,
            "levelname": "INFO",
            "levelno": 20,
            "pathname": "C:\\Users\\ajame\\Legal_Study\\tests\\conftest.py",
            "filename": "conftest.py",
            "module": "conftest",
            "exc_info": null,
            "exc_text": null,
            "stack_info": null,
            "lineno": 101,
            "funcName": "setup_test_environment",
            "created": 1746712381.6976159,
            "msecs": 697.6158618927002,
            "relativeCreated": 5650.784254074097,
            "thread": 19692,
            "threadName": "MainThread",
            "processName": "MainProcess",
            "process": 13668,
            "asctime": "2025-05-08 06:53:01,697"
          }
        ]
      },
      "call": {
        "duration": 0.0006899000145494938,
        "outcome": "passed"
      },
      "teardown": {
        "duration": 0.0010183000122196972,
        "outcome": "passed",
        "log": [
          {
            "name": "tests.conftest",
            "msg": "Ending test session at 2025-05-08 06:53:01.700614",
            "args": null,
            "levelname": "INFO",
            "levelno": 20,
            "pathname": "C:\\Users\\ajame\\Legal_Study\\tests\\conftest.py",
            "filename": "conftest.py",
            "module": "conftest",
            "exc_info": null,
            "exc_text": null,
            "stack_info": null,
            "lineno": 106,
            "funcName": "setup_test_environment",
            "created": 1746712381.7006145,
            "msecs": 700.6144523620605,
            "relativeCreated": 5653.782844543457,
            "thread": 19692,
            "threadName": "MainThread",
            "processName": "MainProcess",
            "process": 13668,
            "asctime": "2025-05-08 06:53:01,700"
          }
        ]
      }
    },
    {
      "nodeid": "tests/unit/test_setup.py::test_env_configuration",
      "lineno": 12,
      "outcome": "passed",
      "keywords": [
        "test_env_configuration",
        "test_setup.py",
        "tests/unit/__init__.py",
        "Legal_Study"
      ],
      "setup": {
        "duration": 0.0025402999890502542,
        "outcome": "passed",
        "log": [
          {
            "name": "tests.conftest",
            "msg": "Starting test session at 2025-05-08 06:53:01.703612",
            "args": null,
            "levelname": "INFO",
            "levelno": 20,
            "pathname": "C:\\Users\\ajame\\Legal_Study\\tests\\conftest.py",
            "filename": "conftest.py",
            "module": "conftest",
            "exc_info": null,
            "exc_text": null,
            "stack_info": null,
            "lineno": 101,
            "funcName": "setup_test_environment",
            "created": 1746712381.703613,
            "msecs": 703.6130428314209,
            "relativeCreated": 5656.781435012817,
            "thread": 19692,
            "threadName": "MainThread",
            "processName": "MainProcess",
            "process": 13668,
            "asctime": "2025-05-08 06:53:01,703"
          }
        ]
      },
      "call": {
        "duration": 0.001232799986610189,
        "outcome": "passed"
      },
      "teardown": {
        "duration": 0.00185500000952743,
        "outcome": "passed",
        "log": [
          {
            "name": "tests.conftest",
            "msg": "Ending test session at 2025-05-08 06:53:01.708016",
            "args": null,
            "levelname": "INFO",
            "levelno": 20,
            "pathname": "C:\\Users\\ajame\\Legal_Study\\tests\\conftest.py",
            "filename": "conftest.py",
            "module": "conftest",
            "exc_info": null,
            "exc_text": null,
            "stack_info": null,
            "lineno": 106,
            "funcName": "setup_test_environment",
            "created": 1746712381.7080164,
            "msecs": 708.0163955688477,
            "relativeCreated": 5661.184787750244,
            "thread": 19692,
            "threadName": "MainThread",
            "processName": "MainProcess",
            "process": 13668,
            "asctime": "2025-05-08 06:53:01,708"
          }
        ]
      }
    },
    {
      "nodeid": "tests/unit/test_setup.py::test_python_version",
      "lineno": 4,
      "outcome": "passed",
      "keywords": [
        "test_python_version",
        "test_setup.py",
        "tests/unit/__init__.py",
        "Legal_Study"
      ],
      "setup": {
        "duration": 0.004099500016309321,
        "outcome": "passed",
        "log": [
          {
            "name": "tests.conftest",
            "msg": "Starting test session at 2025-05-08 06:53:01.713036",
            "args": null,
            "levelname": "INFO",
            "levelno": 20,
            "pathname": "C:\\Users\\ajame\\Legal_Study\\tests\\conftest.py",
            "filename": "conftest.py",
            "module": "conftest",
            "exc_info": null,
            "exc_text": null,
            "stack_info": null,
            "lineno": 101,
            "funcName": "setup_test_environment",
            "created": 1746712381.7130368,
            "msecs": 713.0367755889893,
            "relativeCreated": 5666.205167770386,
            "thread": 19692,
            "threadName": "MainThread",
            "processName": "MainProcess",
            "process": 13668,
            "asctime": "2025-05-08 06:53:01,713"
          }
        ]
      },
      "call": {
        "duration": 0.0007387999794445932,
        "outcome": "passed"
      },
      "teardown": {
        "duration": 0.002288499992573634,
        "outcome": "passed",
        "log": [
          {
            "name": "tests.conftest",
            "msg": "Ending test session at 2025-05-08 06:53:01.717086",
            "args": null,
            "levelname": "INFO",
            "levelno": 20,
            "pathname": "C:\\Users\\ajame\\Legal_Study\\tests\\conftest.py",
            "filename": "conftest.py",
            "module": "conftest",
            "exc_info": null,
            "exc_text": null,
            "stack_info": null,
            "lineno": 106,
            "funcName": "setup_test_environment",
            "created": 1746712381.7170858,
            "msecs": 717.0858383178711,
            "relativeCreated": 5670.254230499268,
            "thread": 19692,
            "threadName": "MainThread",
            "processName": "MainProcess",
            "process": 13668,
            "asctime": "2025-05-08 06:53:01,717"
          }
        ]
      }
    },
    {
      "nodeid": "tests/unit/test_setup.py::test_integration_marker",
      "lineno": 21,
      "outcome": "passed",
      "keywords": [
        "test_integration_marker",
        "integration",
        "pytestmark",
        "test_setup.py",
        "tests/unit/__init__.py",
        "Legal_Study"
      ],
      "setup": {
        "duration": 0.00407589998212643,
        "outcome": "passed",
        "log": [
          {
            "name": "tests.conftest",
            "msg": "Starting test session at 2025-05-08 06:53:01.723594",
            "args": null,
            "levelname": "INFO",
            "levelno": 20,
            "pathname": "C:\\Users\\ajame\\Legal_Study\\tests\\conftest.py",
            "filename": "conftest.py",
            "module": "conftest",
            "exc_info": null,
            "exc_text": null,
            "stack_info": null,
            "lineno": 101,
            "funcName": "setup_test_environment",
            "created": 1746712381.7235942,
            "msecs": 723.5941886901855,
            "relativeCreated": 5676.762580871582,
            "thread": 19692,
            "threadName": "MainThread",
            "processName": "MainProcess",
            "process": 13668,
            "asctime": "2025-05-08 06:53:01,723"
          }
        ]
      },
      "call": {
        "duration": 0.0007396000146400183,
        "outcome": "passed"
      },
      "teardown": {
        "duration": 0.0016924999945331365,
        "outcome": "passed",
        "log": [
          {
            "name": "tests.conftest",
            "msg": "Ending test session at 2025-05-08 06:53:01.726757",
            "args": null,
            "levelname": "INFO",
            "levelno": 20,
            "pathname": "C:\\Users\\ajame\\Legal_Study\\tests\\conftest.py",
            "filename": "conftest.py",
            "module": "conftest",
            "exc_info": null,
            "exc_text": null,
            "stack_info": null,
            "lineno": 106,
            "funcName": "setup_test_environment",
            "created": 1746712381.726757,
            "msecs": 726.7570495605469,
            "relativeCreated": 5679.925441741943,
            "thread": 19692,
            "threadName": "MainThread",
            "processName": "MainProcess",
            "process": 13668,
            "asctime": "2025-05-08 06:53:01,726"
          }
        ]
      }
    },
    {
      "nodeid": "tests/unit/test_api_documentation.py::test_api_health_check",
      "lineno": 56,
      "outcome": "passed",
      "keywords": [
        "test_api_health_check",
        "test_api_documentation.py",
        "tests/unit/__init__.py",
        "Legal_Study"
      ],
      "setup": {
        "duration": 0.0030041999998502433,
        "outcome": "passed",
        "log": [
          {
            "name": "tests.conftest",
            "msg": "Starting test session at 2025-05-08 06:53:01.730556",
            "args": null,
            "levelname": "INFO",
            "levelno": 20,
            "pathname": "C:\\Users\\ajame\\Legal_Study\\tests\\conftest.py",
            "filename": "conftest.py",
            "module": "conftest",
            "exc_info": null,
            "exc_text": null,
            "stack_info": null,
            "lineno": 101,
            "funcName": "setup_test_environment",
            "created": 1746712381.7305562,
            "msecs": 730.5562496185303,
            "relativeCreated": 5683.724641799927,
            "thread": 19692,
            "threadName": "MainThread",
            "processName": "MainProcess",
            "process": 13668,
            "asctime": "2025-05-08 06:53:01,730"
          }
        ]
      },
      "call": {
        "duration": 0.043177499988814816,
        "outcome": "passed"
      },
      "teardown": {
        "duration": 0.0014475999923888594,
        "outcome": "passed",
        "log": [
          {
            "name": "tests.conftest",
            "msg": "Ending test session at 2025-05-08 06:53:01.776187",
            "args": null,
            "levelname": "INFO",
            "levelno": 20,
            "pathname": "C:\\Users\\ajame\\Legal_Study\\tests\\conftest.py",
            "filename": "conftest.py",
            "module": "conftest",
            "exc_info": null,
            "exc_text": null,
            "stack_info": null,
            "lineno": 106,
            "funcName": "setup_test_environment",
            "created": 1746712381.7761874,
            "msecs": 776.1874198913574,
            "relativeCreated": 5729.355812072754,
            "thread": 19692,
            "threadName": "MainThread",
            "processName": "MainProcess",
            "process": 13668,
            "asctime": "2025-05-08 06:53:01,776"
          }
        ]
      }
    },
    {
      "nodeid": "tests/unit/test_api_documentation.py::test_openapi_spec_exists",
      "lineno": 5,
      "outcome": "passed",
      "keywords": [
        "test_openapi_spec_exists",
        "test_api_documentation.py",
        "tests/unit/__init__.py",
        "Legal_Study"
      ],
      "setup": {
        "duration": 0.0036139000148978084,
        "outcome": "passed",
        "log": [
          {
            "name": "tests.conftest",
            "msg": "Starting test session at 2025-05-08 06:53:01.781406",
            "args": null,
            "levelname": "INFO",
            "levelno": 20,
            "pathname": "C:\\Users\\ajame\\Legal_Study\\tests\\conftest.py",
            "filename": "conftest.py",
            "module": "conftest",
            "exc_info": null,
            "exc_text": null,
            "stack_info": null,
            "lineno": 101,
            "funcName": "setup_test_environment",
            "created": 1746712381.781406,
            "msecs": 781.4059257507324,
            "relativeCreated": 5734.574317932129,
            "thread": 19692,
            "threadName": "MainThread",
            "processName": "MainProcess",
            "process": 13668,
            "asctime": "2025-05-08 06:53:01,781"
          }
        ]
      },
      "call": {
        "duration": 0.0009345999860670418,
        "outcome": "passed"
      },
      "teardown": {
        "duration": 0.001333299995167181,
        "outcome": "passed",
        "log": [
          {
            "name": "tests.conftest",
            "msg": "Ending test session at 2025-05-08 06:53:01.785232",
            "args": null,
            "levelname": "INFO",
            "levelno": 20,
            "pathname": "C:\\Users\\ajame\\Legal_Study\\tests\\conftest.py",
            "filename": "conftest.py",
            "module": "conftest",
            "exc_info": null,
            "exc_text": null,
            "stack_info": null,
            "lineno": 106,
            "funcName": "setup_test_environment",
            "created": 1746712381.7852323,
            "msecs": 785.2323055267334,
            "relativeCreated": 5738.40069770813,
            "thread": 19692,
            "threadName": "MainThread",
            "processName": "MainProcess",
            "process": 13668,
            "asctime": "2025-05-08 06:53:01,785"
          }
        ]
      }
    },
    {
      "nodeid": "tests/unit/test_api_documentation.py::test_api_versioning",
      "lineno": 32,
      "outcome": "passed",
      "keywords": [
        "test_api_versioning",
        "test_api_documentation.py",
        "tests/unit/__init__.py",
        "Legal_Study"
      ],
      "setup": {
        "duration": 0.003316600021207705,
        "outcome": "passed",
        "log": [
          {
            "name": "tests.conftest",
            "msg": "Starting test session at 2025-05-08 06:53:01.788490",
            "args": null,
            "levelname": "INFO",
            "levelno": 20,
            "pathname": "C:\\Users\\ajame\\Legal_Study\\tests\\conftest.py",
            "filename": "conftest.py",
            "module": "conftest",
            "exc_info": null,
            "exc_text": null,
            "stack_info": null,
            "lineno": 101,
            "funcName": "setup_test_environment",
            "created": 1746712381.7884905,
            "msecs": 788.4905338287354,
            "relativeCreated": 5741.658926010132,
            "thread": 19692,
            "threadName": "MainThread",
            "processName": "MainProcess",
            "process": 13668,
            "asctime": "2025-05-08 06:53:01,788"
          }
        ]
      },
      "call": {
        "duration": 0.04089959998964332,
        "outcome": "passed"
      },
      "teardown": {
        "duration": 0.0018371999904047698,
        "outcome": "passed",
        "log": [
          {
            "name": "tests.conftest",
            "msg": "Ending test session at 2025-05-08 06:53:01.832515",
            "args": null,
            "levelname": "INFO",
            "levelno": 20,
            "pathname": "C:\\Users\\ajame\\Legal_Study\\tests\\conftest.py",
            "filename": "conftest.py",
            "module": "conftest",
            "exc_info": null,
            "exc_text": null,
            "stack_info": null,
            "lineno": 106,
            "funcName": "setup_test_environment",
            "created": 1746712381.8325152,
            "msecs": 832.5152397155762,
            "relativeCreated": 5785.683631896973,
            "thread": 19692,
            "threadName": "MainThread",
            "processName": "MainProcess",
            "process": 13668,
            "asctime": "2025-05-08 06:53:01,832"
          }
        ]
      }
    },
    {
      "nodeid": "tests/unit/test_api_documentation.py::test_api_error_handling",
      "lineno": 48,
      "outcome": "passed",
      "keywords": [
        "test_api_error_handling",
        "test_api_documentation.py",
        "tests/unit/__init__.py",
        "Legal_Study"
      ],
      "setup": {
        "duration": 0.00364030001219362,
        "outcome": "passed",
        "log": [
          {
            "name": "tests.conftest",
            "msg": "Starting test session at 2025-05-08 06:53:01.837920",
            "args": null,
            "levelname": "INFO",
            "levelno": 20,
            "pathname": "C:\\Users\\ajame\\Legal_Study\\tests\\conftest.py",
            "filename": "conftest.py",
            "module": "conftest",
            "exc_info": null,
            "exc_text": null,
            "stack_info": null,
            "lineno": 101,
            "funcName": "setup_test_environment",
            "created": 1746712381.8379202,
            "msecs": 837.9201889038086,
            "relativeCreated": 5791.088581085205,
            "thread": 19692,
            "threadName": "MainThread",
            "processName": "MainProcess",
            "process": 13668,
            "asctime": "2025-05-08 06:53:01,837"
          }
        ]
      },
      "call": {
        "duration": 0.04239200000301935,
        "outcome": "passed"
      },
      "teardown": {
        "duration": 0.001493299991125241,
        "outcome": "passed",
        "log": [
          {
            "name": "tests.conftest",
            "msg": "Ending test session at 2025-05-08 06:53:01.883422",
            "args": null,
            "levelname": "INFO",
            "levelno": 20,
            "pathname": "C:\\Users\\ajame\\Legal_Study\\tests\\conftest.py",
            "filename": "conftest.py",
            "module": "conftest",
            "exc_info": null,
            "exc_text": null,
            "stack_info": null,
            "lineno": 106,
            "funcName": "setup_test_environment",
            "created": 1746712381.8834221,
            "msecs": 883.4221363067627,
            "relativeCreated": 5836.590528488159,
            "thread": 19692,
            "threadName": "MainThread",
            "processName": "MainProcess",
            "process": 13668,
            "asctime": "2025-05-08 06:53:01,883"
          }
        ]
      }
    },
    {
      "nodeid": "tests/unit/test_api_documentation.py::test_api_documentation_complete",
      "lineno": 19,
      "outcome": "passed",
      "keywords": [
        "test_api_documentation_complete",
        "test_api_documentation.py",
        "tests/unit/__init__.py",
        "Legal_Study"
      ],
      "setup": {
        "duration": 0.0033936999971047044,
        "outcome": "passed",
        "log": [
          {
            "name": "tests.conftest",
            "msg": "Starting test session at 2025-05-08 06:53:01.887423",
            "args": null,
            "levelname": "INFO",
            "levelno": 20,
            "pathname": "C:\\Users\\ajame\\Legal_Study\\tests\\conftest.py",
            "filename": "conftest.py",
            "module": "conftest",
            "exc_info": null,
            "exc_text": null,
            "stack_info": null,
            "lineno": 101,
            "funcName": "setup_test_environment",
            "created": 1746712381.8874238,
            "msecs": 887.4237537384033,
            "relativeCreated": 5840.5921459198,
            "thread": 19692,
            "threadName": "MainThread",
            "processName": "MainProcess",
            "process": 13668,
            "asctime": "2025-05-08 06:53:01,887"
          }
        ]
      },
      "call": {
        "duration": 0.0009526000067126006,
        "outcome": "passed"
      },
      "teardown": {
        "duration": 0.0011167999764438719,
        "outcome": "passed",
        "log": [
          {
            "name": "tests.conftest",
            "msg": "Ending test session at 2025-05-08 06:53:01.891080",
            "args": null,
            "levelname": "INFO",
            "levelno": 20,
            "pathname": "C:\\Users\\ajame\\Legal_Study\\tests\\conftest.py",
            "filename": "conftest.py",
            "module": "conftest",
            "exc_info": null,
            "exc_text": null,
            "stack_info": null,
            "lineno": 106,
            "funcName": "setup_test_environment",
            "created": 1746712381.8910804,
            "msecs": 891.080379486084,
            "relativeCreated": 5844.2487716674805,
            "thread": 19692,
            "threadName": "MainThread",
            "processName": "MainProcess",
            "process": 13668,
            "asctime": "2025-05-08 06:53:01,891"
          }
        ]
      }
    },
    {
      "nodeid": "tests/unit/test_api_documentation.py::test_api_security",
      "lineno": 40,
      "outcome": "failed",
      "keywords": [
        "test_api_security",
        "test_api_documentation.py",
        "tests/unit/__init__.py",
        "Legal_Study"
      ],
      "setup": {
        "duration": 0.004958100005751476,
        "outcome": "passed",
        "log": [
          {
            "name": "tests.conftest",
            "msg": "Starting test session at 2025-05-08 06:53:01.896191",
            "args": null,
            "levelname": "INFO",
            "levelno": 20,
            "pathname": "C:\\Users\\ajame\\Legal_Study\\tests\\conftest.py",
            "filename": "conftest.py",
            "module": "conftest",
            "exc_info": null,
            "exc_text": null,
            "stack_info": null,
            "lineno": 101,
            "funcName": "setup_test_environment",
            "created": 1746712381.8961916,
            "msecs": 896.1915969848633,
            "relativeCreated": 5849.35998916626,
            "thread": 19692,
            "threadName": "MainThread",
            "processName": "MainProcess",
            "process": 13668,
            "asctime": "2025-05-08 06:53:01,896"
          }
        ]
      },
      "call": {
        "duration": 0.04594460001681,
        "outcome": "failed",
        "crash": {
          "path": "C:\\Users\\ajame\\Legal_Study\\tests\\unit\\test_api_documentation.py",
          "lineno": 46,
          "message": "AssertionError: Security schemes not specified\nassert 'securitySchemes' in {'schemas': {'Comment': {'properties': {'content': {'type': 'string'}, 'created_at': {'format': 'date-time', 'type': 'string'}, 'id': {'type': 'string'}}, 'type': 'object'}, 'Error': {'properties': {'detail': {'description': 'Error message', 'type': 'string'}}, 'type': 'object'}, 'ErrorResponse': {'properties': {'error': {'type': 'string'}, 'message': {'type': 'string'}, 'timestamp': {'format': 'date-time', 'type': 'string'}}, 'type': 'object'}, 'HealthResponse': {'properties': {'status': {'enum': ['healthy'], 'type': 'string'}, 'timestamp': {'format': 'date-time', 'type': 'string'}, 'version': {'type': 'string'}}, 'type': 'object'}, ...}}\n +  where {'schemas': {'Comment': {'properties': {'content': {'type': 'string'}, 'created_at': {'format': 'date-time', 'type': 'string'}, 'id': {'type': 'string'}}, 'type': 'object'}, 'Error': {'properties': {'detail': {'description': 'Error message', 'type': 'string'}}, 'type': 'object'}, 'ErrorResponse': {'properties': {'error': {'type': 'string'}, 'message': {'type': 'string'}, 'timestamp': {'format': 'date-time', 'type': 'string'}}, 'type': 'object'}, 'HealthResponse': {'properties': {'status': {'enum': ['healthy'], 'type': 'string'}, 'timestamp': {'format': 'date-time', 'type': 'string'}, 'version': {'type': 'string'}}, 'type': 'object'}, ...}} = <built-in method get of dict object at 0x00000125007597C0>('components', {})\n +    where <built-in method get of dict object at 0x00000125007597C0> = {'components': {'schemas': {'Comment': {'properties': {'content': {'type': 'string'}, 'created_at': {'format': 'date-time', 'type': 'string'}, 'id': {'type': 'string'}}, 'type': 'object'}, 'Error': {'properties': {'detail': {'description': 'Error message', 'type': 'string'}}, 'type': 'object'}, 'ErrorResponse': {'properties': {'error': {'type': 'string'}, 'message': {'type': 'string'}, 'timestamp': {'format': 'date-time', 'type': 'string'}}, 'type': 'object'}, 'HealthResponse': {'properties': {'status': {'enum': [...], 'type': 'string'}, 'timestamp': {'format': 'date-time', 'type': 'string'}, 'version': {'type': 'string'}}, 'type': 'object'}, ...}}, 'info': {'description': 'API for Legal Study application', 'title': 'Legal Study API', 'version': '1.0.0'}, 'openapi': '3.0.0', 'paths': {'/api/v1/comment': {'post': {'description': 'Add a comment to a document', 'requestBody': {'content': {'application/json': {...}}, 'required': True}, 'responses': {'200': {'description': 'Comment added'}, '400': {'description': 'Invalid input'}, '401': {'description': 'Unauthorized'}}, 'security': [{'BearerAuth': []}], ...}}, '/api/v1/error': {'get': {'description': 'Endpoint to test error handling', 'responses': {'500': {'content': {...}, 'description': 'Internal server error'}}, 'summary': 'Test error endpoint'}}, '/api/v1/protected': {'get': {'description': 'Endpoint that requires authentication', 'responses': {'200': {'description': 'Access granted'}, '401': {'description': 'Unauthorized'}, '403': {'description': 'Forbidden'}}, 'security': [{'BearerAuth': []}], 'summary': 'Protected endpoint'}}, '/api/v1/search': {'post': {'description': 'Search for legal documents', 'requestBody': {'content': {'application/json': {...}}, 'required': True}, 'responses': {'200': {'description': 'Search results'}, '400': {'description': 'Invalid input'}, '401': {'description': 'Unauthorized'}}, 'summary': 'Search endpoint'}}, ...}, ...}.get"
        },
        "traceback": [
          {
            "path": "tests\\unit\\test_api_documentation.py",
            "lineno": 46,
            "message": "AssertionError"
          }
        ],
        "longrepr": "def test_api_security():\n        \"\"\"Test that API security is properly documented.\"\"\"\n        api_dir = Path(__file__).parent.parent.parent / '.api'\n        with open(api_dir / 'openapi.yaml', 'r') as f:\n            spec = yaml.safe_load(f)\n>           assert 'securitySchemes' in spec.get('components', {}), \"Security schemes not specified\"\nE           AssertionError: Security schemes not specified\nE           assert 'securitySchemes' in {'schemas': {'Comment': {'properties': {'content': {'type': 'string'}, 'created_at': {'format': 'date-time', 'type': 'string'}, 'id': {'type': 'string'}}, 'type': 'object'}, 'Error': {'properties': {'detail': {'description': 'Error message', 'type': 'string'}}, 'type': 'object'}, 'ErrorResponse': {'properties': {'error': {'type': 'string'}, 'message': {'type': 'string'}, 'timestamp': {'format': 'date-time', 'type': 'string'}}, 'type': 'object'}, 'HealthResponse': {'properties': {'status': {'enum': ['healthy'], 'type': 'string'}, 'timestamp': {'format': 'date-time', 'type': 'string'}, 'version': {'type': 'string'}}, 'type': 'object'}, ...}}\nE            +  where {'schemas': {'Comment': {'properties': {'content': {'type': 'string'}, 'created_at': {'format': 'date-time', 'type': 'string'}, 'id': {'type': 'string'}}, 'type': 'object'}, 'Error': {'properties': {'detail': {'description': 'Error message', 'type': 'string'}}, 'type': 'object'}, 'ErrorResponse': {'properties': {'error': {'type': 'string'}, 'message': {'type': 'string'}, 'timestamp': {'format': 'date-time', 'type': 'string'}}, 'type': 'object'}, 'HealthResponse': {'properties': {'status': {'enum': ['healthy'], 'type': 'string'}, 'timestamp': {'format': 'date-time', 'type': 'string'}, 'version': {'type': 'string'}}, 'type': 'object'}, ...}} = <built-in method get of dict object at 0x00000125007597C0>('components', {})\nE            +    where <built-in method get of dict object at 0x00000125007597C0> = {'components': {'schemas': {'Comment': {'properties': {'content': {'type': 'string'}, 'created_at': {'format': 'date-time', 'type': 'string'}, 'id': {'type': 'string'}}, 'type': 'object'}, 'Error': {'properties': {'detail': {'description': 'Error message', 'type': 'string'}}, 'type': 'object'}, 'ErrorResponse': {'properties': {'error': {'type': 'string'}, 'message': {'type': 'string'}, 'timestamp': {'format': 'date-time', 'type': 'string'}}, 'type': 'object'}, 'HealthResponse': {'properties': {'status': {'enum': [...], 'type': 'string'}, 'timestamp': {'format': 'date-time', 'type': 'string'}, 'version': {'type': 'string'}}, 'type': 'object'}, ...}}, 'info': {'description': 'API for Legal Study application', 'title': 'Legal Study API', 'version': '1.0.0'}, 'openapi': '3.0.0', 'paths': {'/api/v1/comment': {'post': {'description': 'Add a comment to a document', 'requestBody': {'content': {'application/json': {...}}, 'required': True}, 'responses': {'200': {'description': 'Comment added'}, '400': {'description': 'Invalid input'}, '401': {'description': 'Unauthorized'}}, 'security': [{'BearerAuth': []}], ...}}, '/api/v1/error': {'get': {'description': 'Endpoint to test error handling', 'responses': {'500': {'content': {...}, 'description': 'Internal server error'}}, 'summary': 'Test error endpoint'}}, '/api/v1/protected': {'get': {'description': 'Endpoint that requires authentication', 'responses': {'200': {'description': 'Access granted'}, '401': {'description': 'Unauthorized'}, '403': {'description': 'Forbidden'}}, 'security': [{'BearerAuth': []}], 'summary': 'Protected endpoint'}}, '/api/v1/search': {'post': {'description': 'Search for legal documents', 'requestBody': {'content': {'application/json': {...}}, 'required': True}, 'responses': {'200': {'description': 'Search results'}, '400': {'description': 'Invalid input'}, '401': {'description': 'Unauthorized'}}, 'summary': 'Search endpoint'}}, ...}, ...}.get\n\ntests\\unit\\test_api_documentation.py:46: AssertionError"
      },
      "teardown": {
        "duration": 0.001426299975719303,
        "outcome": "passed",
        "log": [
          {
            "name": "tests.conftest",
            "msg": "Ending test session at 2025-05-08 06:53:02.321444",
            "args": null,
            "levelname": "INFO",
            "levelno": 20,
            "pathname": "C:\\Users\\ajame\\Legal_Study\\tests\\conftest.py",
            "filename": "conftest.py",
            "module": "conftest",
            "exc_info": null,
            "exc_text": null,
            "stack_info": null,
            "lineno": 106,
            "funcName": "setup_test_environment",
            "created": 1746712382.322443,
            "msecs": 322.44300842285156,
            "relativeCreated": 6275.611400604248,
            "thread": 19692,
            "threadName": "MainThread",
            "processName": "MainProcess",
            "process": 13668,
            "asctime": "2025-05-08 06:53:02,322"
          }
        ]
      }
    },
    {
      "nodeid": "tests/unit/test_api_documentation.py::test_openapi_spec_valid",
      "lineno": 10,
      "outcome": "passed",
      "keywords": [
        "test_openapi_spec_valid",
        "test_api_documentation.py",
        "tests/unit/__init__.py",
        "Legal_Study"
      ],
      "setup": {
        "duration": 0.002824199997121468,
        "outcome": "passed",
        "log": [
          {
            "name": "tests.conftest",
            "msg": "Starting test session at 2025-05-08 06:53:02.326390",
            "args": null,
            "levelname": "INFO",
            "levelno": 20,
            "pathname": "C:\\Users\\ajame\\Legal_Study\\tests\\conftest.py",
            "filename": "conftest.py",
            "module": "conftest",
            "exc_info": null,
            "exc_text": null,
            "stack_info": null,
            "lineno": 101,
            "funcName": "setup_test_environment",
            "created": 1746712382.3263903,
            "msecs": 326.39026641845703,
            "relativeCreated": 6279.5586585998535,
            "thread": 19692,
            "threadName": "MainThread",
            "processName": "MainProcess",
            "process": 13668,
            "asctime": "2025-05-08 06:53:02,326"
          }
        ]
      },
      "call": {
        "duration": 0.055220299982465804,
        "outcome": "passed"
      },
      "teardown": {
        "duration": 0.004915700003039092,
        "outcome": "passed",
        "log": [
          {
            "name": "tests.conftest",
            "msg": "Ending test session at 2025-05-08 06:53:02.383953",
            "args": null,
            "levelname": "INFO",
            "levelno": 20,
            "pathname": "C:\\Users\\ajame\\Legal_Study\\tests\\conftest.py",
            "filename": "conftest.py",
            "module": "conftest",
            "exc_info": null,
            "exc_text": null,
            "stack_info": null,
            "lineno": 106,
            "funcName": "setup_test_environment",
            "created": 1746712382.3839538,
            "msecs": 383.9538097381592,
            "relativeCreated": 6337.122201919556,
            "thread": 19692,
            "threadName": "MainThread",
            "processName": "MainProcess",
            "process": 13668,
            "asctime": "2025-05-08 06:53:02,383"
          }
        ]
      }
    }
  ],
  "suite_name": "unit",
  "timestamp": "20250508_065256",
  "exit_code": 1
}